{"type":"operationStart","subtype":"profile","data":{"_id":"grIH55wSLcLQdCq8","timestamp":"2022-10-11T08:28:18.427Z","state":"queued","mode":"standard","creationDate":"2022-10-11T08:28:18.428Z","modificationDate":"2022-10-11T08:28:18.428Z","shortid":"HDWmPC_","inheritedReadPermissions":[],"inheritedEditPermissions":[],"$entitySet":"profiles"},"doDiffs":false,"timestamp":1665476898428,"id":"ydavz3elomzhudo","previousOperationId":null,"operationId":"ehhujapjlqw72yk"}
{"type":"log","level":"info","message":"Render request 247 queued for execution and waiting for available worker","previousOperationId":"ehhujapjlqw72yk","timestamp":1665476898428,"id":"57x8ip0qses3zid"}
{"type":"operationStart","subtype":"render","name":"invoice-main","previousOperationId":"ehhujapjlqw72yk","timestamp":1665476898435,"id":"b6c6r97o9u0fpq1","previousEventId":"ydavz3elomzhudo","operationId":"p31zit5eackby4m"}
{"type":"log","timestamp":1665476898435,"level":"info","message":"Starting rendering request 247 (user: admin)","meta":{"rootId":"0b2l3pmxo8ly5mj","id":"0b2l3pmxo8ly5mj"},"id":"vpcqjr2uhgh54qc","previousOperationId":"p31zit5eackby4m"}
{"type":"log","timestamp":1665476898436,"level":"info","message":"Rendering template { name: invoice-main, recipe: chrome-pdf, engine: handlebars, preview: true }","meta":{"rootId":"0b2l3pmxo8ly5mj","id":"0b2l3pmxo8ly5mj"},"id":"ay290ccgb6xx7yv","previousOperationId":"p31zit5eackby4m"}
{"type":"log","timestamp":1665476898436,"level":"debug","message":"Inline data specified.","meta":{"rootId":"0b2l3pmxo8ly5mj","id":"0b2l3pmxo8ly5mj"},"id":"k7e6o8svyakqudr","previousOperationId":"p31zit5eackby4m"}
{"type":"log","timestamp":1665476898438,"level":"debug","message":"Base url not specified, skipping its injection.","meta":{"rootId":"0b2l3pmxo8ly5mj","id":"0b2l3pmxo8ly5mj"},"id":"zpc4bk1z416vahn","previousOperationId":"p31zit5eackby4m"}
{"type":"operationStart","subtype":"engine","name":"handlebars","timestamp":1665476898438,"id":"dag1n5rzf43tk8d","previousEventId":"b6c6r97o9u0fpq1","operationId":"ec137y765okjtyr","previousOperationId":"p31zit5eackby4m"}
{"type":"log","timestamp":1665476898438,"level":"debug","message":"Rendering engine handlebars","meta":{"rootId":"0b2l3pmxo8ly5mj","id":"0b2l3pmxo8ly5mj"},"id":"emhjh8vpdblach7","previousOperationId":"ec137y765okjtyr"}
{"type":"operationEnd","operationId":"ec137y765okjtyr","timestamp":1665476898452,"id":"jcm8dfr8s4sa98o","previousEventId":"dag1n5rzf43tk8d","previousOperationId":"ec137y765okjtyr"}
{"type":"operationStart","subtype":"recipe","name":"chrome-pdf","timestamp":1665476898453,"id":"131tj8rcl5jhygd","previousEventId":"jcm8dfr8s4sa98o","operationId":"ougnnnl84btiue5","previousOperationId":"ec137y765okjtyr"}
{"type":"log","timestamp":1665476898453,"level":"debug","message":"Executing recipe chrome-pdf","meta":{"rootId":"0b2l3pmxo8ly5mj","id":"0b2l3pmxo8ly5mj"},"id":"pkymmbow028w1o1","previousOperationId":"ougnnnl84btiue5"}
{"type":"log","timestamp":1665476898455,"level":"debug","message":"Converting with chrome HeadlessChrome/105.0.5173.0 using chrome-pool strategy","meta":{"rootId":"0b2l3pmxo8ly5mj","id":"0b2l3pmxo8ly5mj"},"id":"y60i4rcsikbjjdd","previousOperationId":"ougnnnl84btiue5"}
{"type":"log","timestamp":1665476898550,"level":"debug","message":"Page request: GET (document) file:///C:/Users/Klok/AppData/Local/Temp/jsreport/autocleanup/f8226834-c502-40d1-9ee7-1232b5fe6a71-chrome-pdf.html","meta":{"rootId":"0b2l3pmxo8ly5mj","id":"0b2l3pmxo8ly5mj"},"id":"183kq5y6xx8uttu","previousOperationId":"ougnnnl84btiue5"}
{"type":"log","timestamp":1665476898567,"level":"debug","message":"Page request finished: GET (document) 200 file:///C:/Users/Klok/AppData/Local/Temp/jsreport/autocleanup/f8226834-c502-40d1-9ee7-1232b5fe6a71-chrome-pdf.html","meta":{"rootId":"0b2l3pmxo8ly5mj","id":"0b2l3pmxo8ly5mj"},"id":"4nnyt73xue8c74x","previousOperationId":"ougnnnl84btiue5"}
{"type":"log","timestamp":1665476898578,"level":"debug","message":"Running chrome with params {\"printBackground\":true,\"timeout\":59973,\"margin\":{}}","meta":{"rootId":"0b2l3pmxo8ly5mj","id":"0b2l3pmxo8ly5mj"},"id":"o00xq4sq8u9m4pm","previousOperationId":"ougnnnl84btiue5"}
{"type":"operationEnd","operationId":"ougnnnl84btiue5","timestamp":1665476898599,"id":"47wwdrtjxhklo1m","previousEventId":"131tj8rcl5jhygd","previousOperationId":"ougnnnl84btiue5"}
{"type":"log","timestamp":1665476898599,"level":"debug","message":"Skipping storing report.","meta":{"rootId":"0b2l3pmxo8ly5mj","id":"0b2l3pmxo8ly5mj"},"id":"n3q2m3cvfya5elj","previousOperationId":"ougnnnl84btiue5"}
{"type":"log","timestamp":1665476898599,"level":"info","message":"Rendering request 247 finished in 172 ms","meta":{"rootId":"0b2l3pmxo8ly5mj","id":"0b2l3pmxo8ly5mj"},"id":"78owt347ndx2aey","previousOperationId":"ougnnnl84btiue5"}
{"type":"operationEnd","subtype":"render","operationId":"p31zit5eackby4m","timestamp":1665476898599,"id":"32m3mn6hh29imo3","previousEventId":"47wwdrtjxhklo1m","previousOperationId":"ougnnnl84btiue5"}
{"type":"operationEnd","doDiffs":false,"previousEventId":"ydavz3elomzhudo","previousOperationId":"ehhujapjlqw72yk","operationId":"ehhujapjlqw72yk","timestamp":1665476898607,"id":"d4jxoa4djj8v7c2"}
