{"type":"operationStart","subtype":"profile","data":{"_id":"rrwnRIt2Ppt3Vo97","timestamp":"2022-10-11T08:30:07.368Z","state":"queued","mode":"standard","creationDate":"2022-10-11T08:30:07.369Z","modificationDate":"2022-10-11T08:30:07.369Z","shortid":"CpYybif","inheritedReadPermissions":[],"inheritedEditPermissions":[],"$entitySet":"profiles"},"doDiffs":false,"timestamp":1665477007369,"id":"8v8hbjpxaq0uq9o","previousOperationId":null,"operationId":"esoi3lv5cbkz22h"}
{"type":"log","level":"info","message":"Render request 249 queued for execution and waiting for available worker","previousOperationId":"esoi3lv5cbkz22h","timestamp":1665477007369,"id":"uwy74c49qc9mr8u"}
{"type":"operationStart","subtype":"render","name":"invoice-main","previousOperationId":"esoi3lv5cbkz22h","timestamp":1665477007376,"id":"jry9b3x19noumnl","previousEventId":"8v8hbjpxaq0uq9o","operationId":"k26l1y5vpwmpaxn"}
{"type":"log","timestamp":1665477007376,"level":"info","message":"Starting rendering request 249 (user: admin)","meta":{"rootId":"0zc7gskg7e56i0m","id":"0zc7gskg7e56i0m"},"id":"7wdyl5bquoq2ses","previousOperationId":"k26l1y5vpwmpaxn"}
{"type":"log","timestamp":1665477007376,"level":"info","message":"Rendering template { name: invoice-main, recipe: chrome-pdf, engine: handlebars, preview: true }","meta":{"rootId":"0zc7gskg7e56i0m","id":"0zc7gskg7e56i0m"},"id":"xt4ydwknv8omx45","previousOperationId":"k26l1y5vpwmpaxn"}
{"type":"log","timestamp":1665477007377,"level":"debug","message":"Inline data specified.","meta":{"rootId":"0zc7gskg7e56i0m","id":"0zc7gskg7e56i0m"},"id":"0bfhcfeegbixl23","previousOperationId":"k26l1y5vpwmpaxn"}
{"type":"log","timestamp":1665477007380,"level":"debug","message":"Base url not specified, skipping its injection.","meta":{"rootId":"0zc7gskg7e56i0m","id":"0zc7gskg7e56i0m"},"id":"xjdzh4otiu15mul","previousOperationId":"k26l1y5vpwmpaxn"}
{"type":"operationStart","subtype":"engine","name":"handlebars","timestamp":1665477007380,"id":"he4jyiz3uew454z","previousEventId":"jry9b3x19noumnl","operationId":"p7j7gp7g9luqat5","previousOperationId":"k26l1y5vpwmpaxn"}
{"type":"log","timestamp":1665477007380,"level":"debug","message":"Rendering engine handlebars","meta":{"rootId":"0zc7gskg7e56i0m","id":"0zc7gskg7e56i0m"},"id":"jkc939m4nf76r94","previousOperationId":"p7j7gp7g9luqat5"}
{"type":"operationEnd","operationId":"p7j7gp7g9luqat5","timestamp":1665477007387,"id":"rwgzvlqtzwmfxz2","previousEventId":"he4jyiz3uew454z","previousOperationId":"p7j7gp7g9luqat5"}
{"type":"operationStart","subtype":"recipe","name":"chrome-pdf","timestamp":1665477007387,"id":"k62dokynmlk4fws","previousEventId":"rwgzvlqtzwmfxz2","operationId":"16on93nutefgyi8","previousOperationId":"p7j7gp7g9luqat5"}
{"type":"log","timestamp":1665477007387,"level":"debug","message":"Executing recipe chrome-pdf","meta":{"rootId":"0zc7gskg7e56i0m","id":"0zc7gskg7e56i0m"},"id":"xbktn1ttlkfs49c","previousOperationId":"16on93nutefgyi8"}
{"type":"log","timestamp":1665477007394,"level":"debug","message":"Converting with chrome HeadlessChrome/105.0.5173.0 using chrome-pool strategy","meta":{"rootId":"0zc7gskg7e56i0m","id":"0zc7gskg7e56i0m"},"id":"yeuo9bz6ahnm45v","previousOperationId":"16on93nutefgyi8"}
{"type":"log","timestamp":1665477007486,"level":"debug","message":"Page request: GET (document) file:///C:/Users/Klok/AppData/Local/Temp/jsreport/autocleanup/22cf9af1-0e88-4fc4-bc95-9387a31b856d-chrome-pdf.html","meta":{"rootId":"0zc7gskg7e56i0m","id":"0zc7gskg7e56i0m"},"id":"wjlo9pdljscw2dg","previousOperationId":"16on93nutefgyi8"}
{"type":"log","timestamp":1665477007497,"level":"debug","message":"Page request finished: GET (document) 200 file:///C:/Users/Klok/AppData/Local/Temp/jsreport/autocleanup/22cf9af1-0e88-4fc4-bc95-9387a31b856d-chrome-pdf.html","meta":{"rootId":"0zc7gskg7e56i0m","id":"0zc7gskg7e56i0m"},"id":"uil58n64bttj2gn","previousOperationId":"16on93nutefgyi8"}
{"type":"log","timestamp":1665477007508,"level":"debug","message":"Running chrome with params {\"printBackground\":true,\"format\":\"A4\",\"marginTop\":\"10cm\",\"marginLeft\":\"2cm\",\"timeout\":59976,\"margin\":{\"top\":\"10cm\",\"left\":\"2cm\"}}","meta":{"rootId":"0zc7gskg7e56i0m","id":"0zc7gskg7e56i0m"},"id":"3mspwenctxujdzh","previousOperationId":"16on93nutefgyi8"}
{"type":"operationEnd","operationId":"16on93nutefgyi8","timestamp":1665477007530,"id":"pnnnx9whuzuc6qh","previousEventId":"k62dokynmlk4fws","previousOperationId":"16on93nutefgyi8"}
{"type":"log","timestamp":1665477007530,"level":"debug","message":"Skipping storing report.","meta":{"rootId":"0zc7gskg7e56i0m","id":"0zc7gskg7e56i0m"},"id":"lwu9kbfpia6b2e8","previousOperationId":"16on93nutefgyi8"}
{"type":"log","timestamp":1665477007530,"level":"info","message":"Rendering request 249 finished in 162 ms","meta":{"rootId":"0zc7gskg7e56i0m","id":"0zc7gskg7e56i0m"},"id":"ndjfvx45hfgkb6l","previousOperationId":"16on93nutefgyi8"}
{"type":"operationEnd","subtype":"render","operationId":"k26l1y5vpwmpaxn","timestamp":1665477007530,"id":"iuvjlb4ztxoqhrj","previousEventId":"pnnnx9whuzuc6qh","previousOperationId":"16on93nutefgyi8"}
{"type":"operationEnd","doDiffs":false,"previousEventId":"8v8hbjpxaq0uq9o","previousOperationId":"esoi3lv5cbkz22h","operationId":"esoi3lv5cbkz22h","timestamp":1665477007536,"id":"bielg7tcsr6bv62"}
