{"type":"operationStart","subtype":"profile","data":{"_id":"UEkBVuQOJtgb9ouG","timestamp":"2022-10-12T03:49:14.425Z","state":"queued","mode":"standard","creationDate":"2022-10-12T03:49:14.427Z","modificationDate":"2022-10-12T03:49:14.427Z","shortid":"nDek-Xq","inheritedReadPermissions":[],"inheritedEditPermissions":[],"$entitySet":"profiles"},"doDiffs":false,"timestamp":1665546554426,"id":"biz7gwc7tj0nbkg","previousOperationId":null,"operationId":"5bwtmwyrrf7h0wk"}
{"type":"log","level":"info","message":"Render request 4 queued for execution and waiting for available worker","previousOperationId":"5bwtmwyrrf7h0wk","timestamp":1665546554426,"id":"134qt65ctc9cscu"}
{"type":"operationStart","subtype":"render","name":"invoice-main","previousOperationId":"5bwtmwyrrf7h0wk","timestamp":1665546554434,"id":"9x5ezn7yqgpe2c1","previousEventId":"biz7gwc7tj0nbkg","operationId":"a4whixlsiqa48j0"}
{"type":"log","timestamp":1665546554434,"level":"info","message":"Starting rendering request 4 (user: admin)","meta":{"rootId":"1a6xmkrnlyngcq7","id":"1a6xmkrnlyngcq7"},"id":"nahu612k4o19x4s","previousOperationId":"a4whixlsiqa48j0"}
{"type":"log","timestamp":1665546554434,"level":"info","message":"Rendering template { name: invoice-main, recipe: chrome-pdf, engine: handlebars, preview: true }","meta":{"rootId":"1a6xmkrnlyngcq7","id":"1a6xmkrnlyngcq7"},"id":"l2abfsv8pyxyn92","previousOperationId":"a4whixlsiqa48j0"}
{"type":"log","timestamp":1665546554436,"level":"debug","message":"Adding sample data QqvBKlmfs","meta":{"rootId":"1a6xmkrnlyngcq7","id":"1a6xmkrnlyngcq7"},"id":"dkxz2putae8czl5","previousOperationId":"a4whixlsiqa48j0"}
{"type":"log","timestamp":1665546554437,"level":"debug","message":"Base url not specified, skipping its injection.","meta":{"rootId":"1a6xmkrnlyngcq7","id":"1a6xmkrnlyngcq7"},"id":"iyjuu4z3l3v7sw7","previousOperationId":"a4whixlsiqa48j0"}
{"type":"operationStart","subtype":"engine","name":"handlebars","timestamp":1665546554437,"id":"vhdoulvw55t1t5o","previousEventId":"9x5ezn7yqgpe2c1","operationId":"da42evvwl1a3izm","previousOperationId":"a4whixlsiqa48j0"}
{"type":"log","timestamp":1665546554437,"level":"debug","message":"Rendering engine handlebars","meta":{"rootId":"1a6xmkrnlyngcq7","id":"1a6xmkrnlyngcq7"},"id":"jsfqkjbwbziej0x","previousOperationId":"da42evvwl1a3izm"}
{"type":"operationEnd","operationId":"da42evvwl1a3izm","timestamp":1665546554448,"id":"huszyns3lkbj579","previousEventId":"vhdoulvw55t1t5o","previousOperationId":"da42evvwl1a3izm"}
{"type":"operationStart","subtype":"recipe","name":"chrome-pdf","timestamp":1665546554449,"id":"jv68rgbenau47ue","previousEventId":"huszyns3lkbj579","operationId":"e40mfd1gmlc6vrj","previousOperationId":"da42evvwl1a3izm"}
{"type":"log","timestamp":1665546554449,"level":"debug","message":"Executing recipe chrome-pdf","meta":{"rootId":"1a6xmkrnlyngcq7","id":"1a6xmkrnlyngcq7"},"id":"9ln24kxdow6q6lb","previousOperationId":"e40mfd1gmlc6vrj"}
{"type":"log","timestamp":1665546554451,"level":"debug","message":"Converting with chrome HeadlessChrome/105.0.5173.0 using chrome-pool strategy","meta":{"rootId":"1a6xmkrnlyngcq7","id":"1a6xmkrnlyngcq7"},"id":"wq29qqlw7lauc4v","previousOperationId":"e40mfd1gmlc6vrj"}
{"type":"log","timestamp":1665546554525,"level":"debug","message":"Page request: GET (document) file:///C:/Users/Klok/AppData/Local/Temp/jsreport/autocleanup/8c1b5991-798a-42d6-926a-47050c078945-chrome-pdf.html","meta":{"rootId":"1a6xmkrnlyngcq7","id":"1a6xmkrnlyngcq7"},"id":"ikvmpdtehtwtfdr","previousOperationId":"e40mfd1gmlc6vrj"}
{"type":"log","timestamp":1665546554536,"level":"debug","message":"Page request finished: GET (document) 200 file:///C:/Users/Klok/AppData/Local/Temp/jsreport/autocleanup/8c1b5991-798a-42d6-926a-47050c078945-chrome-pdf.html","meta":{"rootId":"1a6xmkrnlyngcq7","id":"1a6xmkrnlyngcq7"},"id":"wl3d8tbbkm9136s","previousOperationId":"e40mfd1gmlc6vrj"}
{"type":"log","timestamp":1665546554538,"level":"debug","message":"Running chrome with params {\"printBackground\":true,\"format\":\"A4\",\"marginTop\":\"\",\"marginLeft\":\"\",\"marginRight\":\"\",\"marginBottom\":\"\",\"timeout\":59975,\"margin\":{\"top\":\"\",\"right\":\"\",\"bottom\":\"\",\"left\":\"\"}}","meta":{"rootId":"1a6xmkrnlyngcq7","id":"1a6xmkrnlyngcq7"},"id":"v6306j76gz1ysjd","previousOperationId":"e40mfd1gmlc6vrj"}
{"type":"operationEnd","operationId":"e40mfd1gmlc6vrj","timestamp":1665546554547,"id":"n8uc1v1p0m1nrrm","previousEventId":"jv68rgbenau47ue","previousOperationId":"e40mfd1gmlc6vrj"}
{"type":"log","timestamp":1665546554547,"level":"debug","message":"Skipping storing report.","meta":{"rootId":"1a6xmkrnlyngcq7","id":"1a6xmkrnlyngcq7"},"id":"46dh3jewni2o3nb","previousOperationId":"e40mfd1gmlc6vrj"}
{"type":"log","timestamp":1665546554547,"level":"info","message":"Rendering request 4 finished in 122 ms","meta":{"rootId":"1a6xmkrnlyngcq7","id":"1a6xmkrnlyngcq7"},"id":"6p6dv7jf11t1bjt","previousOperationId":"e40mfd1gmlc6vrj"}
{"type":"operationEnd","subtype":"render","operationId":"a4whixlsiqa48j0","timestamp":1665546554547,"id":"97cmjmjeo5eguky","previousEventId":"n8uc1v1p0m1nrrm","previousOperationId":"e40mfd1gmlc6vrj"}
{"type":"operationEnd","doDiffs":false,"previousEventId":"biz7gwc7tj0nbkg","previousOperationId":"5bwtmwyrrf7h0wk","operationId":"5bwtmwyrrf7h0wk","timestamp":1665546554552,"id":"p9edtz97t8wglur"}
