{"type":"operationStart","subtype":"profile","data":{"_id":"5U1jAgYAthKL6Ymg","timestamp":"2022-10-11T08:34:41.314Z","state":"queued","mode":"standard","creationDate":"2022-10-11T08:34:41.315Z","modificationDate":"2022-10-11T08:34:41.315Z","shortid":"ja4REsT","inheritedReadPermissions":[],"inheritedEditPermissions":[],"$entitySet":"profiles"},"doDiffs":false,"timestamp":1665477281314,"id":"fuwrgbl1ih0xhcf","previousOperationId":null,"operationId":"km0x5eficjp66ic"}
{"type":"log","level":"info","message":"Render request 256 queued for execution and waiting for available worker","previousOperationId":"km0x5eficjp66ic","timestamp":1665477281315,"id":"odtg03hsdpum8gz"}
{"type":"operationStart","subtype":"render","name":"invoice-main","previousOperationId":"km0x5eficjp66ic","timestamp":1665477281322,"id":"w0g6wtxwiehd861","previousEventId":"fuwrgbl1ih0xhcf","operationId":"x616e1hqgxyrmuf"}
{"type":"log","timestamp":1665477281322,"level":"info","message":"Starting rendering request 256 (user: admin)","meta":{"rootId":"2irdzhdr987bua7","id":"2irdzhdr987bua7"},"id":"kuazl8z86nzoofe","previousOperationId":"x616e1hqgxyrmuf"}
{"type":"log","timestamp":1665477281322,"level":"info","message":"Rendering template { name: invoice-main, recipe: chrome-pdf, engine: handlebars, preview: true }","meta":{"rootId":"2irdzhdr987bua7","id":"2irdzhdr987bua7"},"id":"r4utah2wxpx1ecu","previousOperationId":"x616e1hqgxyrmuf"}
{"type":"log","timestamp":1665477281322,"level":"debug","message":"Inline data specified.","meta":{"rootId":"2irdzhdr987bua7","id":"2irdzhdr987bua7"},"id":"plefq2igg2lj6bm","previousOperationId":"x616e1hqgxyrmuf"}
{"type":"log","timestamp":1665477281325,"level":"debug","message":"Base url not specified, skipping its injection.","meta":{"rootId":"2irdzhdr987bua7","id":"2irdzhdr987bua7"},"id":"jtw2z9hajse4dr3","previousOperationId":"x616e1hqgxyrmuf"}
{"type":"operationStart","subtype":"engine","name":"handlebars","timestamp":1665477281325,"id":"tck30vz9fyx9naa","previousEventId":"w0g6wtxwiehd861","operationId":"sd7lny4klrlu8w8","previousOperationId":"x616e1hqgxyrmuf"}
{"type":"log","timestamp":1665477281325,"level":"debug","message":"Rendering engine handlebars","meta":{"rootId":"2irdzhdr987bua7","id":"2irdzhdr987bua7"},"id":"9j1jl6u8ycwal3q","previousOperationId":"sd7lny4klrlu8w8"}
{"type":"operationEnd","operationId":"sd7lny4klrlu8w8","timestamp":1665477281334,"id":"8pu457vb3nqxnnf","previousEventId":"tck30vz9fyx9naa","previousOperationId":"sd7lny4klrlu8w8"}
{"type":"operationStart","subtype":"recipe","name":"chrome-pdf","timestamp":1665477281335,"id":"drug77s3vdqsi0v","previousEventId":"8pu457vb3nqxnnf","operationId":"gan4pa0rkmx6wdp","previousOperationId":"sd7lny4klrlu8w8"}
{"type":"log","timestamp":1665477281335,"level":"debug","message":"Executing recipe chrome-pdf","meta":{"rootId":"2irdzhdr987bua7","id":"2irdzhdr987bua7"},"id":"mfszaea1i95zir3","previousOperationId":"gan4pa0rkmx6wdp"}
{"type":"log","timestamp":1665477281337,"level":"debug","message":"Converting with chrome HeadlessChrome/105.0.5173.0 using chrome-pool strategy","meta":{"rootId":"2irdzhdr987bua7","id":"2irdzhdr987bua7"},"id":"7m50pshpdcg6bto","previousOperationId":"gan4pa0rkmx6wdp"}
{"type":"log","timestamp":1665477281440,"level":"debug","message":"Page request: GET (document) file:///C:/Users/Klok/AppData/Local/Temp/jsreport/autocleanup/8d68407a-5c83-4cc5-b2b8-ff1e5f203a2b-chrome-pdf.html","meta":{"rootId":"2irdzhdr987bua7","id":"2irdzhdr987bua7"},"id":"a18mogcix7kypyf","previousOperationId":"gan4pa0rkmx6wdp"}
{"type":"log","timestamp":1665477281455,"level":"debug","message":"Page request finished: GET (document) 200 file:///C:/Users/Klok/AppData/Local/Temp/jsreport/autocleanup/8d68407a-5c83-4cc5-b2b8-ff1e5f203a2b-chrome-pdf.html","meta":{"rootId":"2irdzhdr987bua7","id":"2irdzhdr987bua7"},"id":"4bloex2fwp9o07y","previousOperationId":"gan4pa0rkmx6wdp"}
{"type":"log","timestamp":1665477281458,"level":"debug","message":"Running chrome with params {\"printBackground\":true,\"format\":\"A4\",\"marginTop\":\"\",\"marginLeft\":\"\",\"marginRight\":\"\",\"marginBottom\":\"\",\"timeout\":59977,\"margin\":{\"top\":\"\",\"right\":\"\",\"bottom\":\"\",\"left\":\"\"}}","meta":{"rootId":"2irdzhdr987bua7","id":"2irdzhdr987bua7"},"id":"z0oeqom2ewk5rqh","previousOperationId":"gan4pa0rkmx6wdp"}
{"type":"operationEnd","operationId":"gan4pa0rkmx6wdp","timestamp":1665477281468,"id":"qpijs5yh7ctx3o4","previousEventId":"drug77s3vdqsi0v","previousOperationId":"gan4pa0rkmx6wdp"}
{"type":"log","timestamp":1665477281468,"level":"debug","message":"Skipping storing report.","meta":{"rootId":"2irdzhdr987bua7","id":"2irdzhdr987bua7"},"id":"ogpna737o407bf9","previousOperationId":"gan4pa0rkmx6wdp"}
{"type":"log","timestamp":1665477281468,"level":"info","message":"Rendering request 256 finished in 155 ms","meta":{"rootId":"2irdzhdr987bua7","id":"2irdzhdr987bua7"},"id":"01tcwia8mka8cut","previousOperationId":"gan4pa0rkmx6wdp"}
{"type":"operationEnd","subtype":"render","operationId":"x616e1hqgxyrmuf","timestamp":1665477281468,"id":"0qirz4gr4lgousc","previousEventId":"qpijs5yh7ctx3o4","previousOperationId":"gan4pa0rkmx6wdp"}
{"type":"operationEnd","doDiffs":false,"previousEventId":"fuwrgbl1ih0xhcf","previousOperationId":"km0x5eficjp66ic","operationId":"km0x5eficjp66ic","timestamp":1665477281472,"id":"wvegog0jb4z3xee"}
