{"type":"operationStart","subtype":"profile","data":{"_id":"fEjY80YGjyLB8hpA","timestamp":"2022-10-12T03:50:35.929Z","state":"queued","mode":"standard","creationDate":"2022-10-12T03:50:35.930Z","modificationDate":"2022-10-12T03:50:35.930Z","shortid":"mgW8G_E","inheritedReadPermissions":[],"inheritedEditPermissions":[],"$entitySet":"profiles"},"doDiffs":false,"timestamp":1665546635929,"id":"a3wprdivzxh9ort","previousOperationId":null,"operationId":"ebupmowasn6xsg5"}
{"type":"log","level":"info","message":"Render request 5 queued for execution and waiting for available worker","previousOperationId":"ebupmowasn6xsg5","timestamp":1665546635930,"id":"fbviv8ezn6a7jus"}
{"type":"operationStart","subtype":"render","name":"invoice-main","previousOperationId":"ebupmowasn6xsg5","timestamp":1665546635938,"id":"9c6fxe9fnlbuzo6","previousEventId":"a3wprdivzxh9ort","operationId":"f9b1dhywhwvh2nz"}
{"type":"log","timestamp":1665546635938,"level":"info","message":"Starting rendering request 5 (user: admin)","meta":{"rootId":"2t2skb0xdl1941i","id":"2t2skb0xdl1941i"},"id":"ulzvo006srehzgn","previousOperationId":"f9b1dhywhwvh2nz"}
{"type":"log","timestamp":1665546635938,"level":"info","message":"Rendering template { name: invoice-main, recipe: chrome-pdf, engine: handlebars, preview: true }","meta":{"rootId":"2t2skb0xdl1941i","id":"2t2skb0xdl1941i"},"id":"5actge0pu1kgf72","previousOperationId":"f9b1dhywhwvh2nz"}
{"type":"log","timestamp":1665546635942,"level":"debug","message":"Adding sample data QqvBKlmfs","meta":{"rootId":"2t2skb0xdl1941i","id":"2t2skb0xdl1941i"},"id":"9t1q254hbplqhjx","previousOperationId":"f9b1dhywhwvh2nz"}
{"type":"log","timestamp":1665546635944,"level":"debug","message":"Base url not specified, skipping its injection.","meta":{"rootId":"2t2skb0xdl1941i","id":"2t2skb0xdl1941i"},"id":"oq5wezz0bo5enkg","previousOperationId":"f9b1dhywhwvh2nz"}
{"type":"operationStart","subtype":"engine","name":"handlebars","timestamp":1665546635944,"id":"upg6pfsg8p5ug9x","previousEventId":"9c6fxe9fnlbuzo6","operationId":"5r58nh5exa55voa","previousOperationId":"f9b1dhywhwvh2nz"}
{"type":"log","timestamp":1665546635944,"level":"debug","message":"Rendering engine handlebars","meta":{"rootId":"2t2skb0xdl1941i","id":"2t2skb0xdl1941i"},"id":"w81ztl20dzhu07b","previousOperationId":"5r58nh5exa55voa"}
{"type":"operationEnd","operationId":"5r58nh5exa55voa","timestamp":1665546635956,"id":"8bj3dtwtt5vpcca","previousEventId":"upg6pfsg8p5ug9x","previousOperationId":"5r58nh5exa55voa"}
{"type":"operationStart","subtype":"recipe","name":"chrome-pdf","timestamp":1665546635957,"id":"phe6x8hoyk6ngjd","previousEventId":"8bj3dtwtt5vpcca","operationId":"vdgc5ti68gcjals","previousOperationId":"5r58nh5exa55voa"}
{"type":"log","timestamp":1665546635957,"level":"debug","message":"Executing recipe chrome-pdf","meta":{"rootId":"2t2skb0xdl1941i","id":"2t2skb0xdl1941i"},"id":"twjiziuib569ppb","previousOperationId":"vdgc5ti68gcjals"}
{"type":"log","timestamp":1665546635959,"level":"debug","message":"Converting with chrome HeadlessChrome/105.0.5173.0 using chrome-pool strategy","meta":{"rootId":"2t2skb0xdl1941i","id":"2t2skb0xdl1941i"},"id":"yyjbdu37ea70lfy","previousOperationId":"vdgc5ti68gcjals"}
{"type":"log","timestamp":1665546636026,"level":"debug","message":"Page request: GET (document) file:///C:/Users/Klok/AppData/Local/Temp/jsreport/autocleanup/16a8aba8-cbdb-47c8-aaa5-7a6b957fb714-chrome-pdf.html","meta":{"rootId":"2t2skb0xdl1941i","id":"2t2skb0xdl1941i"},"id":"x8pz10wc76mo52x","previousOperationId":"vdgc5ti68gcjals"}
{"type":"log","timestamp":1665546636038,"level":"debug","message":"Page request finished: GET (document) 200 file:///C:/Users/Klok/AppData/Local/Temp/jsreport/autocleanup/16a8aba8-cbdb-47c8-aaa5-7a6b957fb714-chrome-pdf.html","meta":{"rootId":"2t2skb0xdl1941i","id":"2t2skb0xdl1941i"},"id":"crb4xqtsphnpjgq","previousOperationId":"vdgc5ti68gcjals"}
{"type":"log","timestamp":1665546636054,"level":"debug","message":"Running chrome with params {\"printBackground\":true,\"format\":\"A4\",\"marginTop\":\"\",\"marginLeft\":\"\",\"marginRight\":\"\",\"marginBottom\":\"\",\"timeout\":59971,\"margin\":{\"top\":\"\",\"right\":\"\",\"bottom\":\"\",\"left\":\"\"}}","meta":{"rootId":"2t2skb0xdl1941i","id":"2t2skb0xdl1941i"},"id":"6o0hdo8j792up0b","previousOperationId":"vdgc5ti68gcjals"}
{"type":"operationEnd","operationId":"vdgc5ti68gcjals","timestamp":1665546636085,"id":"8xdb5afdhbrjp4r","previousEventId":"phe6x8hoyk6ngjd","previousOperationId":"vdgc5ti68gcjals"}
{"type":"log","timestamp":1665546636085,"level":"debug","message":"Skipping storing report.","meta":{"rootId":"2t2skb0xdl1941i","id":"2t2skb0xdl1941i"},"id":"ecx0xzscrn54lzp","previousOperationId":"vdgc5ti68gcjals"}
{"type":"log","timestamp":1665546636085,"level":"info","message":"Rendering request 5 finished in 156 ms","meta":{"rootId":"2t2skb0xdl1941i","id":"2t2skb0xdl1941i"},"id":"lhdeww4w3tnmx2p","previousOperationId":"vdgc5ti68gcjals"}
{"type":"operationEnd","subtype":"render","operationId":"f9b1dhywhwvh2nz","timestamp":1665546636086,"id":"cmsqk0176t1fj43","previousEventId":"8xdb5afdhbrjp4r","previousOperationId":"vdgc5ti68gcjals"}
{"type":"operationEnd","doDiffs":false,"previousEventId":"a3wprdivzxh9ort","previousOperationId":"ebupmowasn6xsg5","operationId":"ebupmowasn6xsg5","timestamp":1665546636092,"id":"2iyme7g6ov0rpid"}
