{"type":"operationStart","subtype":"profile","data":{"_id":"YtmCiW9ITC2V4hRD","timestamp":"2022-10-11T08:30:49.758Z","state":"queued","mode":"standard","creationDate":"2022-10-11T08:30:49.760Z","modificationDate":"2022-10-11T08:30:49.760Z","shortid":"Y0ikzy3","inheritedReadPermissions":[],"inheritedEditPermissions":[],"$entitySet":"profiles"},"doDiffs":false,"timestamp":1665477049759,"id":"fdxcytiv3k78tlt","previousOperationId":null,"operationId":"txhcjm7uui5evx3"}
{"type":"log","level":"info","message":"Render request 251 queued for execution and waiting for available worker","previousOperationId":"txhcjm7uui5evx3","timestamp":1665477049760,"id":"fan5tvkk42vwtq1"}
{"type":"operationStart","subtype":"render","name":"invoice-main","previousOperationId":"txhcjm7uui5evx3","timestamp":1665477049767,"id":"cpcakmturxq4m4u","previousEventId":"fdxcytiv3k78tlt","operationId":"f3dkk22hf3xj1sl"}
{"type":"log","timestamp":1665477049767,"level":"info","message":"Starting rendering request 251 (user: admin)","meta":{"rootId":"3gqvypsdlzbx4vu","id":"3gqvypsdlzbx4vu"},"id":"k0zo5vssm42mjpx","previousOperationId":"f3dkk22hf3xj1sl"}
{"type":"log","timestamp":1665477049767,"level":"info","message":"Rendering template { name: invoice-main, recipe: chrome-pdf, engine: handlebars, preview: true }","meta":{"rootId":"3gqvypsdlzbx4vu","id":"3gqvypsdlzbx4vu"},"id":"05dy38jd5dvugon","previousOperationId":"f3dkk22hf3xj1sl"}
{"type":"log","timestamp":1665477049768,"level":"debug","message":"Inline data specified.","meta":{"rootId":"3gqvypsdlzbx4vu","id":"3gqvypsdlzbx4vu"},"id":"6odbu9yq5cw8dm8","previousOperationId":"f3dkk22hf3xj1sl"}
{"type":"log","timestamp":1665477049769,"level":"debug","message":"Base url not specified, skipping its injection.","meta":{"rootId":"3gqvypsdlzbx4vu","id":"3gqvypsdlzbx4vu"},"id":"qdhkl1s825fp0ak","previousOperationId":"f3dkk22hf3xj1sl"}
{"type":"operationStart","subtype":"engine","name":"handlebars","timestamp":1665477049769,"id":"k07g17ybqh51sym","previousEventId":"cpcakmturxq4m4u","operationId":"q8r3cusm18rro4k","previousOperationId":"f3dkk22hf3xj1sl"}
{"type":"log","timestamp":1665477049769,"level":"debug","message":"Rendering engine handlebars","meta":{"rootId":"3gqvypsdlzbx4vu","id":"3gqvypsdlzbx4vu"},"id":"8jfq7d82fi7zj8m","previousOperationId":"q8r3cusm18rro4k"}
{"type":"operationEnd","operationId":"q8r3cusm18rro4k","timestamp":1665477049780,"id":"2pj3tc0axlz9fi5","previousEventId":"k07g17ybqh51sym","previousOperationId":"q8r3cusm18rro4k"}
{"type":"operationStart","subtype":"recipe","name":"chrome-pdf","timestamp":1665477049781,"id":"ohajkiz6y3eqbhz","previousEventId":"2pj3tc0axlz9fi5","operationId":"5h10i5vtlmvybae","previousOperationId":"q8r3cusm18rro4k"}
{"type":"log","timestamp":1665477049781,"level":"debug","message":"Executing recipe chrome-pdf","meta":{"rootId":"3gqvypsdlzbx4vu","id":"3gqvypsdlzbx4vu"},"id":"dp7qymuifyz81x3","previousOperationId":"5h10i5vtlmvybae"}
{"type":"log","timestamp":1665477049784,"level":"debug","message":"Converting with chrome HeadlessChrome/105.0.5173.0 using chrome-pool strategy","meta":{"rootId":"3gqvypsdlzbx4vu","id":"3gqvypsdlzbx4vu"},"id":"z2hvwj0revo3kob","previousOperationId":"5h10i5vtlmvybae"}
{"type":"log","timestamp":1665477049874,"level":"debug","message":"Page request: GET (document) file:///C:/Users/Klok/AppData/Local/Temp/jsreport/autocleanup/ad05efd9-11ec-4628-a0b5-37d0db4665f8-chrome-pdf.html","meta":{"rootId":"3gqvypsdlzbx4vu","id":"3gqvypsdlzbx4vu"},"id":"o7wrup9p4irlodj","previousOperationId":"5h10i5vtlmvybae"}
{"type":"log","timestamp":1665477049886,"level":"debug","message":"Page request finished: GET (document) 200 file:///C:/Users/Klok/AppData/Local/Temp/jsreport/autocleanup/ad05efd9-11ec-4628-a0b5-37d0db4665f8-chrome-pdf.html","meta":{"rootId":"3gqvypsdlzbx4vu","id":"3gqvypsdlzbx4vu"},"id":"cgq5rnwf4hd5cc9","previousOperationId":"5h10i5vtlmvybae"}
{"type":"log","timestamp":1665477049897,"level":"debug","message":"Running chrome with params {\"printBackground\":true,\"format\":\"A4\",\"marginTop\":\"2cm\",\"marginLeft\":\"2cm\",\"marginRight\":\"2cm\",\"marginBottom\":\"2cm\",\"timeout\":59975,\"margin\":{\"top\":\"2cm\",\"right\":\"2cm\",\"bottom\":\"2cm\",\"left\":\"2cm\"}}","meta":{"rootId":"3gqvypsdlzbx4vu","id":"3gqvypsdlzbx4vu"},"id":"2t7o0eqyfaqj5s4","previousOperationId":"5h10i5vtlmvybae"}
{"type":"operationEnd","operationId":"5h10i5vtlmvybae","timestamp":1665477049919,"id":"59v3s99n7bxapzg","previousEventId":"ohajkiz6y3eqbhz","previousOperationId":"5h10i5vtlmvybae"}
{"type":"log","timestamp":1665477049920,"level":"debug","message":"Skipping storing report.","meta":{"rootId":"3gqvypsdlzbx4vu","id":"3gqvypsdlzbx4vu"},"id":"b66jlw63et5zyi1","previousOperationId":"5h10i5vtlmvybae"}
{"type":"log","timestamp":1665477049920,"level":"info","message":"Rendering request 251 finished in 162 ms","meta":{"rootId":"3gqvypsdlzbx4vu","id":"3gqvypsdlzbx4vu"},"id":"agimjiea0amtd0n","previousOperationId":"5h10i5vtlmvybae"}
{"type":"operationEnd","subtype":"render","operationId":"f3dkk22hf3xj1sl","timestamp":1665477049920,"id":"vh85j5fnzr1517e","previousEventId":"59v3s99n7bxapzg","previousOperationId":"5h10i5vtlmvybae"}
{"type":"operationEnd","doDiffs":false,"previousEventId":"fdxcytiv3k78tlt","previousOperationId":"txhcjm7uui5evx3","operationId":"txhcjm7uui5evx3","timestamp":1665477049926,"id":"ktqfm7zr0pgeki6"}
