{"type":"operationStart","subtype":"profile","data":{"_id":"xU6QEtkV5y0oF9WG","timestamp":"2022-10-11T08:33:01.876Z","state":"queued","mode":"standard","creationDate":"2022-10-11T08:33:01.877Z","modificationDate":"2022-10-11T08:33:01.877Z","shortid":"oUUuimv","inheritedReadPermissions":[],"inheritedEditPermissions":[],"$entitySet":"profiles"},"doDiffs":false,"timestamp":1665477181876,"id":"u2y7i3jk8p4rk2j","previousOperationId":null,"operationId":"crvgyw3xp3pfsth"}
{"type":"log","level":"info","message":"Render request 254 queued for execution and waiting for available worker","previousOperationId":"crvgyw3xp3pfsth","timestamp":1665477181876,"id":"714xbh5nvwpm1rk"}
{"type":"operationStart","subtype":"render","name":"invoice-main","previousOperationId":"crvgyw3xp3pfsth","timestamp":1665477181882,"id":"3bp980i9h7ykgg7","previousEventId":"u2y7i3jk8p4rk2j","operationId":"kp4izok1d3d91f8"}
{"type":"log","timestamp":1665477181882,"level":"info","message":"Starting rendering request 254 (user: admin)","meta":{"rootId":"4ysmaesh3ykhchm","id":"4ysmaesh3ykhchm"},"id":"72hoo2bamkwzwf5","previousOperationId":"kp4izok1d3d91f8"}
{"type":"log","timestamp":1665477181882,"level":"info","message":"Rendering template { name: invoice-main, recipe: chrome-pdf, engine: handlebars, preview: true }","meta":{"rootId":"4ysmaesh3ykhchm","id":"4ysmaesh3ykhchm"},"id":"6ofma0lhce37j64","previousOperationId":"kp4izok1d3d91f8"}
{"type":"log","timestamp":1665477181882,"level":"debug","message":"Inline data specified.","meta":{"rootId":"4ysmaesh3ykhchm","id":"4ysmaesh3ykhchm"},"id":"yeoa4tvjfgilsfp","previousOperationId":"kp4izok1d3d91f8"}
{"type":"log","timestamp":1665477181884,"level":"debug","message":"Base url not specified, skipping its injection.","meta":{"rootId":"4ysmaesh3ykhchm","id":"4ysmaesh3ykhchm"},"id":"03tvr661nuek1vc","previousOperationId":"kp4izok1d3d91f8"}
{"type":"operationStart","subtype":"engine","name":"handlebars","timestamp":1665477181884,"id":"sm0brru3cwn1u9o","previousEventId":"3bp980i9h7ykgg7","operationId":"7kxgie0vllsr0ny","previousOperationId":"kp4izok1d3d91f8"}
{"type":"log","timestamp":1665477181884,"level":"debug","message":"Rendering engine handlebars","meta":{"rootId":"4ysmaesh3ykhchm","id":"4ysmaesh3ykhchm"},"id":"am7ugj3fbfgqa0n","previousOperationId":"7kxgie0vllsr0ny"}
{"type":"operationEnd","operationId":"7kxgie0vllsr0ny","timestamp":1665477181892,"id":"gve7zb5vczjntss","previousEventId":"sm0brru3cwn1u9o","previousOperationId":"7kxgie0vllsr0ny"}
{"type":"operationStart","subtype":"recipe","name":"chrome-pdf","timestamp":1665477181892,"id":"77c6wgoaegq1s9y","previousEventId":"gve7zb5vczjntss","operationId":"zuo3kj4a9bm11ea","previousOperationId":"7kxgie0vllsr0ny"}
{"type":"log","timestamp":1665477181892,"level":"debug","message":"Executing recipe chrome-pdf","meta":{"rootId":"4ysmaesh3ykhchm","id":"4ysmaesh3ykhchm"},"id":"15v6cwkhtank2kv","previousOperationId":"zuo3kj4a9bm11ea"}
{"type":"log","timestamp":1665477181895,"level":"debug","message":"Converting with chrome HeadlessChrome/105.0.5173.0 using chrome-pool strategy","meta":{"rootId":"4ysmaesh3ykhchm","id":"4ysmaesh3ykhchm"},"id":"d8cogron0bpneqv","previousOperationId":"zuo3kj4a9bm11ea"}
{"type":"log","timestamp":1665477181975,"level":"debug","message":"Page request: GET (document) file:///C:/Users/Klok/AppData/Local/Temp/jsreport/autocleanup/9f6c37fa-0158-41b8-a5ef-2e38c7b00124-chrome-pdf.html","meta":{"rootId":"4ysmaesh3ykhchm","id":"4ysmaesh3ykhchm"},"id":"bdavxo4twu4w9lf","previousOperationId":"zuo3kj4a9bm11ea"}
{"type":"log","timestamp":1665477181988,"level":"debug","message":"Page request finished: GET (document) 200 file:///C:/Users/Klok/AppData/Local/Temp/jsreport/autocleanup/9f6c37fa-0158-41b8-a5ef-2e38c7b00124-chrome-pdf.html","meta":{"rootId":"4ysmaesh3ykhchm","id":"4ysmaesh3ykhchm"},"id":"lfuut0jf81jo59s","previousOperationId":"zuo3kj4a9bm11ea"}
{"type":"log","timestamp":1665477181989,"level":"debug","message":"Running chrome with params {\"printBackground\":true,\"format\":\"A4\",\"marginTop\":\"\",\"marginLeft\":\"\",\"marginRight\":\"\",\"marginBottom\":\"\",\"timeout\":59981,\"margin\":{\"top\":\"\",\"right\":\"\",\"bottom\":\"\",\"left\":\"\"}}","meta":{"rootId":"4ysmaesh3ykhchm","id":"4ysmaesh3ykhchm"},"id":"8ylezeqmwcekgmd","previousOperationId":"zuo3kj4a9bm11ea"}
{"type":"operationEnd","operationId":"zuo3kj4a9bm11ea","timestamp":1665477181998,"id":"754wyrgsbvm04ne","previousEventId":"77c6wgoaegq1s9y","previousOperationId":"zuo3kj4a9bm11ea"}
{"type":"log","timestamp":1665477181998,"level":"debug","message":"Skipping storing report.","meta":{"rootId":"4ysmaesh3ykhchm","id":"4ysmaesh3ykhchm"},"id":"38vep7ead80qtnn","previousOperationId":"zuo3kj4a9bm11ea"}
{"type":"log","timestamp":1665477181998,"level":"info","message":"Rendering request 254 finished in 122 ms","meta":{"rootId":"4ysmaesh3ykhchm","id":"4ysmaesh3ykhchm"},"id":"7vianjjzziynuu7","previousOperationId":"zuo3kj4a9bm11ea"}
{"type":"operationEnd","subtype":"render","operationId":"kp4izok1d3d91f8","timestamp":1665477181998,"id":"ndlqvhett2woqik","previousEventId":"754wyrgsbvm04ne","previousOperationId":"zuo3kj4a9bm11ea"}
{"type":"operationEnd","doDiffs":false,"previousEventId":"u2y7i3jk8p4rk2j","previousOperationId":"crvgyw3xp3pfsth","operationId":"crvgyw3xp3pfsth","timestamp":1665477182002,"id":"bku4f9fvtkkcesy"}
