{"type":"operationStart","subtype":"profile","data":{"_id":"XfpQFSsqCxqWansH","timestamp":"2022-10-11T08:33:37.328Z","state":"queued","mode":"standard","creationDate":"2022-10-11T08:33:37.330Z","modificationDate":"2022-10-11T08:33:37.330Z","shortid":"SnTUPtX","inheritedReadPermissions":[],"inheritedEditPermissions":[],"$entitySet":"profiles"},"doDiffs":false,"timestamp":1665477217329,"id":"p8r8d090f1g3ag0","previousOperationId":null,"operationId":"j94cuhx0oxr9w9p"}
{"type":"log","level":"info","message":"Render request 255 queued for execution and waiting for available worker","previousOperationId":"j94cuhx0oxr9w9p","timestamp":1665477217329,"id":"td2nbi2om8j94ya"}
{"type":"operationStart","subtype":"render","name":"invoice-main","previousOperationId":"j94cuhx0oxr9w9p","timestamp":1665477217336,"id":"1jli0a6r2fi0s3a","previousEventId":"p8r8d090f1g3ag0","operationId":"a32cwdaj42aavh7"}
{"type":"log","timestamp":1665477217336,"level":"info","message":"Starting rendering request 255 (user: admin)","meta":{"rootId":"6myubboybscd8kc","id":"6myubboybscd8kc"},"id":"cyfx3g9upma69go","previousOperationId":"a32cwdaj42aavh7"}
{"type":"log","timestamp":1665477217337,"level":"info","message":"Rendering template { name: invoice-main, recipe: chrome-pdf, engine: handlebars, preview: true }","meta":{"rootId":"6myubboybscd8kc","id":"6myubboybscd8kc"},"id":"rdnxq7vuidgyte3","previousOperationId":"a32cwdaj42aavh7"}
{"type":"log","timestamp":1665477217337,"level":"debug","message":"Inline data specified.","meta":{"rootId":"6myubboybscd8kc","id":"6myubboybscd8kc"},"id":"f5uvfs49zn7pic0","previousOperationId":"a32cwdaj42aavh7"}
{"type":"log","timestamp":1665477217338,"level":"debug","message":"Base url not specified, skipping its injection.","meta":{"rootId":"6myubboybscd8kc","id":"6myubboybscd8kc"},"id":"a2thinci41kei53","previousOperationId":"a32cwdaj42aavh7"}
{"type":"operationStart","subtype":"engine","name":"handlebars","timestamp":1665477217338,"id":"bmchyzhclxdwj4z","previousEventId":"1jli0a6r2fi0s3a","operationId":"hny490idonruni9","previousOperationId":"a32cwdaj42aavh7"}
{"type":"log","timestamp":1665477217338,"level":"debug","message":"Rendering engine handlebars","meta":{"rootId":"6myubboybscd8kc","id":"6myubboybscd8kc"},"id":"w1ixo24k95kil6c","previousOperationId":"hny490idonruni9"}
{"type":"operationEnd","operationId":"hny490idonruni9","timestamp":1665477217352,"id":"64l3rxm5ne0sad3","previousEventId":"bmchyzhclxdwj4z","previousOperationId":"hny490idonruni9"}
{"type":"operationStart","subtype":"recipe","name":"chrome-pdf","timestamp":1665477217352,"id":"7aszrd6f2ixgpwj","previousEventId":"64l3rxm5ne0sad3","operationId":"nzmu4tmz34wfjui","previousOperationId":"hny490idonruni9"}
{"type":"log","timestamp":1665477217352,"level":"debug","message":"Executing recipe chrome-pdf","meta":{"rootId":"6myubboybscd8kc","id":"6myubboybscd8kc"},"id":"khdgln4cy7jiiqm","previousOperationId":"nzmu4tmz34wfjui"}
{"type":"log","timestamp":1665477217354,"level":"debug","message":"Converting with chrome HeadlessChrome/105.0.5173.0 using chrome-pool strategy","meta":{"rootId":"6myubboybscd8kc","id":"6myubboybscd8kc"},"id":"3uax089rtnn3628","previousOperationId":"nzmu4tmz34wfjui"}
{"type":"log","timestamp":1665477217454,"level":"debug","message":"Page request: GET (document) file:///C:/Users/Klok/AppData/Local/Temp/jsreport/autocleanup/1877608c-94e4-4efb-9a7b-1e2ea85e83e8-chrome-pdf.html","meta":{"rootId":"6myubboybscd8kc","id":"6myubboybscd8kc"},"id":"doviqybezui8zr8","previousOperationId":"nzmu4tmz34wfjui"}
{"type":"log","timestamp":1665477217472,"level":"debug","message":"Page request finished: GET (document) 200 file:///C:/Users/Klok/AppData/Local/Temp/jsreport/autocleanup/1877608c-94e4-4efb-9a7b-1e2ea85e83e8-chrome-pdf.html","meta":{"rootId":"6myubboybscd8kc","id":"6myubboybscd8kc"},"id":"gokn7kejpytmizj","previousOperationId":"nzmu4tmz34wfjui"}
{"type":"log","timestamp":1665477217475,"level":"debug","message":"Running chrome with params {\"printBackground\":true,\"format\":\"A4\",\"marginTop\":\"\",\"marginLeft\":\"\",\"marginRight\":\"\",\"marginBottom\":\"\",\"timeout\":59975,\"margin\":{\"top\":\"\",\"right\":\"\",\"bottom\":\"\",\"left\":\"\"}}","meta":{"rootId":"6myubboybscd8kc","id":"6myubboybscd8kc"},"id":"oswghqp0hm75cf6","previousOperationId":"nzmu4tmz34wfjui"}
{"type":"operationEnd","operationId":"nzmu4tmz34wfjui","timestamp":1665477217484,"id":"zs1uhto5mqh2rib","previousEventId":"7aszrd6f2ixgpwj","previousOperationId":"nzmu4tmz34wfjui"}
{"type":"log","timestamp":1665477217484,"level":"debug","message":"Skipping storing report.","meta":{"rootId":"6myubboybscd8kc","id":"6myubboybscd8kc"},"id":"w3wb46q5ghoy3ow","previousOperationId":"nzmu4tmz34wfjui"}
{"type":"log","timestamp":1665477217484,"level":"info","message":"Rendering request 255 finished in 156 ms","meta":{"rootId":"6myubboybscd8kc","id":"6myubboybscd8kc"},"id":"4k91xwjsth04dx8","previousOperationId":"nzmu4tmz34wfjui"}
{"type":"operationEnd","subtype":"render","operationId":"a32cwdaj42aavh7","timestamp":1665477217484,"id":"iskjqc0xtabaatg","previousEventId":"zs1uhto5mqh2rib","previousOperationId":"nzmu4tmz34wfjui"}
{"type":"operationEnd","doDiffs":false,"previousEventId":"p8r8d090f1g3ag0","previousOperationId":"j94cuhx0oxr9w9p","operationId":"j94cuhx0oxr9w9p","timestamp":1665477217489,"id":"ms4mt8ioi2rl4n8"}
