{"type":"operationStart","subtype":"profile","data":{"_id":"b7zh9yOcN9JtDYXl","timestamp":"2022-10-12T03:47:00.929Z","state":"queued","mode":"standard","creationDate":"2022-10-12T03:47:00.931Z","modificationDate":"2022-10-12T03:47:00.931Z","shortid":"yCSY18S","inheritedReadPermissions":[],"inheritedEditPermissions":[],"$entitySet":"profiles"},"doDiffs":false,"timestamp":1665546420930,"id":"92uccmrivtdcfed","previousOperationId":null,"operationId":"4ddj1qtiqxh2epn"}
{"type":"log","level":"info","message":"Render request 2 queued for execution and waiting for available worker","previousOperationId":"4ddj1qtiqxh2epn","timestamp":1665546420930,"id":"zwqviu57z2pvehg"}
{"type":"operationStart","subtype":"render","name":"invoice-main","previousOperationId":"4ddj1qtiqxh2epn","timestamp":1665546420939,"id":"6e20qdcgobk2s5u","previousEventId":"92uccmrivtdcfed","operationId":"pcuc5imh47g9ng3"}
{"type":"log","timestamp":1665546420939,"level":"info","message":"Starting rendering request 2 (user: admin)","meta":{"rootId":"6sri75vdaasd9ps","id":"6sri75vdaasd9ps"},"id":"fdfw7ib3ypxj60e","previousOperationId":"pcuc5imh47g9ng3"}
{"type":"log","timestamp":1665546420940,"level":"info","message":"Rendering template { name: invoice-main, recipe: chrome-pdf, engine: handlebars, preview: true }","meta":{"rootId":"6sri75vdaasd9ps","id":"6sri75vdaasd9ps"},"id":"ynw9wlj92gru3ku","previousOperationId":"pcuc5imh47g9ng3"}
{"type":"log","timestamp":1665546420943,"level":"debug","message":"Adding sample data QqvBKlmfs","meta":{"rootId":"6sri75vdaasd9ps","id":"6sri75vdaasd9ps"},"id":"90tumg4dgjfm9p7","previousOperationId":"pcuc5imh47g9ng3"}
{"type":"log","timestamp":1665546420945,"level":"debug","message":"Base url not specified, skipping its injection.","meta":{"rootId":"6sri75vdaasd9ps","id":"6sri75vdaasd9ps"},"id":"1kg88vdxypsyuq7","previousOperationId":"pcuc5imh47g9ng3"}
{"type":"operationStart","subtype":"engine","name":"handlebars","timestamp":1665546420945,"id":"vm754s5tydujru0","previousEventId":"6e20qdcgobk2s5u","operationId":"z49nsqofbc88as5","previousOperationId":"pcuc5imh47g9ng3"}
{"type":"log","timestamp":1665546420945,"level":"debug","message":"Rendering engine handlebars","meta":{"rootId":"6sri75vdaasd9ps","id":"6sri75vdaasd9ps"},"id":"xdad07qdpadop0t","previousOperationId":"z49nsqofbc88as5"}
{"type":"operationEnd","operationId":"z49nsqofbc88as5","timestamp":1665546420962,"id":"h76k8555wbfa8h7","previousEventId":"vm754s5tydujru0","previousOperationId":"z49nsqofbc88as5"}
{"type":"operationStart","subtype":"recipe","name":"chrome-pdf","timestamp":1665546420962,"id":"72rslyymzkaj5u1","previousEventId":"h76k8555wbfa8h7","operationId":"ujd8ec8ypeq2y6a","previousOperationId":"z49nsqofbc88as5"}
{"type":"log","timestamp":1665546420962,"level":"debug","message":"Executing recipe chrome-pdf","meta":{"rootId":"6sri75vdaasd9ps","id":"6sri75vdaasd9ps"},"id":"1eaapsm47teksh0","previousOperationId":"ujd8ec8ypeq2y6a"}
{"type":"log","timestamp":1665546420965,"level":"debug","message":"Converting with chrome HeadlessChrome/105.0.5173.0 using chrome-pool strategy","meta":{"rootId":"6sri75vdaasd9ps","id":"6sri75vdaasd9ps"},"id":"ynrsn9tqh9p817l","previousOperationId":"ujd8ec8ypeq2y6a"}
{"type":"log","timestamp":1665546421052,"level":"debug","message":"Page request: GET (document) file:///C:/Users/Klok/AppData/Local/Temp/jsreport/autocleanup/4bfa52b8-1b0c-4dd3-a7d5-afcd277a9d62-chrome-pdf.html","meta":{"rootId":"6sri75vdaasd9ps","id":"6sri75vdaasd9ps"},"id":"9s1qw8d74zfg9kw","previousOperationId":"ujd8ec8ypeq2y6a"}
{"type":"log","timestamp":1665546421067,"level":"debug","message":"Page request finished: GET (document) 200 file:///C:/Users/Klok/AppData/Local/Temp/jsreport/autocleanup/4bfa52b8-1b0c-4dd3-a7d5-afcd277a9d62-chrome-pdf.html","meta":{"rootId":"6sri75vdaasd9ps","id":"6sri75vdaasd9ps"},"id":"t1efrdj7h2i92ra","previousOperationId":"ujd8ec8ypeq2y6a"}
{"type":"log","timestamp":1665546421070,"level":"debug","message":"Running chrome with params {\"printBackground\":true,\"format\":\"A4\",\"marginTop\":\"\",\"marginLeft\":\"\",\"marginRight\":\"\",\"marginBottom\":\"\",\"timeout\":59965,\"margin\":{\"top\":\"\",\"right\":\"\",\"bottom\":\"\",\"left\":\"\"}}","meta":{"rootId":"6sri75vdaasd9ps","id":"6sri75vdaasd9ps"},"id":"p8sjt9ud86h0tph","previousOperationId":"ujd8ec8ypeq2y6a"}
{"type":"operationEnd","operationId":"ujd8ec8ypeq2y6a","timestamp":1665546421078,"id":"8f6jrt14z51gx4u","previousEventId":"72rslyymzkaj5u1","previousOperationId":"ujd8ec8ypeq2y6a"}
{"type":"log","timestamp":1665546421079,"level":"debug","message":"Skipping storing report.","meta":{"rootId":"6sri75vdaasd9ps","id":"6sri75vdaasd9ps"},"id":"z3yc68yj60fyc28","previousOperationId":"ujd8ec8ypeq2y6a"}
{"type":"log","timestamp":1665546421079,"level":"info","message":"Rendering request 2 finished in 150 ms","meta":{"rootId":"6sri75vdaasd9ps","id":"6sri75vdaasd9ps"},"id":"b52qhos7jq7scxb","previousOperationId":"ujd8ec8ypeq2y6a"}
{"type":"operationEnd","subtype":"render","operationId":"pcuc5imh47g9ng3","timestamp":1665546421079,"id":"1m26iq6d8n2xe6u","previousEventId":"8f6jrt14z51gx4u","previousOperationId":"ujd8ec8ypeq2y6a"}
{"type":"operationEnd","doDiffs":false,"previousEventId":"92uccmrivtdcfed","previousOperationId":"4ddj1qtiqxh2epn","operationId":"4ddj1qtiqxh2epn","timestamp":1665546421085,"id":"k0htzj2ggfl454u"}
