{"type":"operationStart","subtype":"profile","data":{"_id":"2oeMOqMK6UknobxK","timestamp":"2022-10-11T08:37:20.822Z","state":"queued","mode":"standard","creationDate":"2022-10-11T08:37:20.823Z","modificationDate":"2022-10-11T08:37:20.823Z","shortid":"OyBM4od","inheritedReadPermissions":[],"inheritedEditPermissions":[],"$entitySet":"profiles"},"doDiffs":false,"timestamp":1665477440823,"id":"miz5fwvfozmieaa","previousOperationId":null,"operationId":"vl8c5chvcwgwfo2"}
{"type":"log","level":"info","message":"Render request 257 queued for execution and waiting for available worker","previousOperationId":"vl8c5chvcwgwfo2","timestamp":1665477440823,"id":"nvblw2ciq8rs45a"}
{"type":"operationStart","subtype":"render","name":"invoice-main","previousOperationId":"vl8c5chvcwgwfo2","timestamp":1665477440829,"id":"xxxe7vgve2tzhnt","previousEventId":"miz5fwvfozmieaa","operationId":"cylqnbc70pad83x"}
{"type":"log","timestamp":1665477440829,"level":"info","message":"Starting rendering request 257 (user: admin)","meta":{"rootId":"7k9hhja9vln4jjj","id":"7k9hhja9vln4jjj"},"id":"1p7phay023v6x2t","previousOperationId":"cylqnbc70pad83x"}
{"type":"log","timestamp":1665477440829,"level":"info","message":"Rendering template { name: invoice-main, recipe: chrome-pdf, engine: handlebars, preview: true }","meta":{"rootId":"7k9hhja9vln4jjj","id":"7k9hhja9vln4jjj"},"id":"o74x2hfwlhi4wz1","previousOperationId":"cylqnbc70pad83x"}
{"type":"log","timestamp":1665477440831,"level":"debug","message":"Adding sample data QqvBKlmfs","meta":{"rootId":"7k9hhja9vln4jjj","id":"7k9hhja9vln4jjj"},"id":"a680seoe62m6m00","previousOperationId":"cylqnbc70pad83x"}
{"type":"log","timestamp":1665477440832,"level":"debug","message":"Base url not specified, skipping its injection.","meta":{"rootId":"7k9hhja9vln4jjj","id":"7k9hhja9vln4jjj"},"id":"cxeugivm6map4ak","previousOperationId":"cylqnbc70pad83x"}
{"type":"operationStart","subtype":"engine","name":"handlebars","timestamp":1665477440832,"id":"6zlrmx35d67oxw0","previousEventId":"xxxe7vgve2tzhnt","operationId":"i3iclw8iqvv3raf","previousOperationId":"cylqnbc70pad83x"}
{"type":"log","timestamp":1665477440832,"level":"debug","message":"Rendering engine handlebars","meta":{"rootId":"7k9hhja9vln4jjj","id":"7k9hhja9vln4jjj"},"id":"zep9dvauc71cugo","previousOperationId":"i3iclw8iqvv3raf"}
{"type":"operationEnd","operationId":"i3iclw8iqvv3raf","timestamp":1665477440840,"id":"knwc2nqnzwfw3wj","previousEventId":"6zlrmx35d67oxw0","previousOperationId":"i3iclw8iqvv3raf"}
{"type":"operationStart","subtype":"recipe","name":"chrome-pdf","timestamp":1665477440841,"id":"s84myfggfr7qnkt","previousEventId":"knwc2nqnzwfw3wj","operationId":"u1yar3uqaaow2fy","previousOperationId":"i3iclw8iqvv3raf"}
{"type":"log","timestamp":1665477440841,"level":"debug","message":"Executing recipe chrome-pdf","meta":{"rootId":"7k9hhja9vln4jjj","id":"7k9hhja9vln4jjj"},"id":"w7opwsjf5ycgiwp","previousOperationId":"u1yar3uqaaow2fy"}
{"type":"log","timestamp":1665477440843,"level":"debug","message":"Converting with chrome HeadlessChrome/105.0.5173.0 using chrome-pool strategy","meta":{"rootId":"7k9hhja9vln4jjj","id":"7k9hhja9vln4jjj"},"id":"j5g05ecgcgur829","previousOperationId":"u1yar3uqaaow2fy"}
{"type":"log","timestamp":1665477440916,"level":"debug","message":"Page request: GET (document) file:///C:/Users/Klok/AppData/Local/Temp/jsreport/autocleanup/fa0cbd0b-bec5-4107-a87c-6ecb06f7901d-chrome-pdf.html","meta":{"rootId":"7k9hhja9vln4jjj","id":"7k9hhja9vln4jjj"},"id":"c1mu9h956yue1y6","previousOperationId":"u1yar3uqaaow2fy"}
{"type":"log","timestamp":1665477440930,"level":"debug","message":"Page request finished: GET (document) 200 file:///C:/Users/Klok/AppData/Local/Temp/jsreport/autocleanup/fa0cbd0b-bec5-4107-a87c-6ecb06f7901d-chrome-pdf.html","meta":{"rootId":"7k9hhja9vln4jjj","id":"7k9hhja9vln4jjj"},"id":"28gi4l1psctvppj","previousOperationId":"u1yar3uqaaow2fy"}
{"type":"log","timestamp":1665477440939,"level":"debug","message":"Running chrome with params {\"printBackground\":true,\"format\":\"A4\",\"marginTop\":\"\",\"marginLeft\":\"\",\"marginRight\":\"\",\"marginBottom\":\"\",\"timeout\":59980,\"margin\":{\"top\":\"\",\"right\":\"\",\"bottom\":\"\",\"left\":\"\"}}","meta":{"rootId":"7k9hhja9vln4jjj","id":"7k9hhja9vln4jjj"},"id":"urebe5cpqat6v91","previousOperationId":"u1yar3uqaaow2fy"}
{"type":"operationEnd","operationId":"u1yar3uqaaow2fy","timestamp":1665477440949,"id":"ox2n3t37qn5ihs0","previousEventId":"s84myfggfr7qnkt","previousOperationId":"u1yar3uqaaow2fy"}
{"type":"log","timestamp":1665477440949,"level":"debug","message":"Skipping storing report.","meta":{"rootId":"7k9hhja9vln4jjj","id":"7k9hhja9vln4jjj"},"id":"vhgyvb5lxc23e9o","previousOperationId":"u1yar3uqaaow2fy"}
{"type":"log","timestamp":1665477440949,"level":"info","message":"Rendering request 257 finished in 127 ms","meta":{"rootId":"7k9hhja9vln4jjj","id":"7k9hhja9vln4jjj"},"id":"79mstz01flcj0yy","previousOperationId":"u1yar3uqaaow2fy"}
{"type":"operationEnd","subtype":"render","operationId":"cylqnbc70pad83x","timestamp":1665477440949,"id":"gn1vcmk103cngvk","previousEventId":"ox2n3t37qn5ihs0","previousOperationId":"u1yar3uqaaow2fy"}
{"type":"operationEnd","doDiffs":false,"previousEventId":"miz5fwvfozmieaa","previousOperationId":"vl8c5chvcwgwfo2","operationId":"vl8c5chvcwgwfo2","timestamp":1665477440952,"id":"gcgyxlh5fv8yqg3"}
