{"type":"operationStart","subtype":"profile","data":{"_id":"QabP5HJBM7B3pZzm","timestamp":"2022-10-12T03:49:07.333Z","state":"queued","mode":"standard","creationDate":"2022-10-12T03:49:07.336Z","modificationDate":"2022-10-12T03:49:07.336Z","shortid":"ABGCv9E","inheritedReadPermissions":[],"inheritedEditPermissions":[],"$entitySet":"profiles"},"doDiffs":false,"timestamp":1665546547334,"id":"o0syiojiia1ouqd","previousOperationId":null,"operationId":"73eybfwdpp25abs"}
{"type":"log","level":"info","message":"Render request 3 queued for execution and waiting for available worker","previousOperationId":"73eybfwdpp25abs","timestamp":1665546547334,"id":"139kk0gbd7j2v5r"}
{"type":"operationStart","subtype":"render","name":"invoice-main","previousOperationId":"73eybfwdpp25abs","timestamp":1665546547343,"id":"vmxe8wdlnru56mv","previousEventId":"o0syiojiia1ouqd","operationId":"kx0hz58oru1ku9u"}
{"type":"log","timestamp":1665546547343,"level":"info","message":"Starting rendering request 3 (user: admin)","meta":{"rootId":"7tzcwvfl8ghd8rk","id":"7tzcwvfl8ghd8rk"},"id":"5vi5n9lztzqko70","previousOperationId":"kx0hz58oru1ku9u"}
{"type":"log","timestamp":1665546547344,"level":"info","message":"Rendering template { name: invoice-main, recipe: chrome-pdf, engine: handlebars, preview: true }","meta":{"rootId":"7tzcwvfl8ghd8rk","id":"7tzcwvfl8ghd8rk"},"id":"8j0unjaikivhmrw","previousOperationId":"kx0hz58oru1ku9u"}
{"type":"log","timestamp":1665546547345,"level":"debug","message":"Adding sample data QqvBKlmfs","meta":{"rootId":"7tzcwvfl8ghd8rk","id":"7tzcwvfl8ghd8rk"},"id":"0alpevvckv65z3d","previousOperationId":"kx0hz58oru1ku9u"}
{"type":"log","timestamp":1665546547347,"level":"debug","message":"Base url not specified, skipping its injection.","meta":{"rootId":"7tzcwvfl8ghd8rk","id":"7tzcwvfl8ghd8rk"},"id":"c9clnwdpkt8wepx","previousOperationId":"kx0hz58oru1ku9u"}
{"type":"operationStart","subtype":"engine","name":"handlebars","timestamp":1665546547347,"id":"rylwnb3wcmvsfpj","previousEventId":"vmxe8wdlnru56mv","operationId":"2ygvlmwfshqw64h","previousOperationId":"kx0hz58oru1ku9u"}
{"type":"log","timestamp":1665546547347,"level":"debug","message":"Rendering engine handlebars","meta":{"rootId":"7tzcwvfl8ghd8rk","id":"7tzcwvfl8ghd8rk"},"id":"fcwa4ipudzrfs8u","previousOperationId":"2ygvlmwfshqw64h"}
{"type":"operationEnd","operationId":"2ygvlmwfshqw64h","timestamp":1665546547361,"id":"7h8dj04xrj0hwvc","previousEventId":"rylwnb3wcmvsfpj","previousOperationId":"2ygvlmwfshqw64h"}
{"type":"operationStart","subtype":"recipe","name":"chrome-pdf","timestamp":1665546547361,"id":"rxxlzkdday7009w","previousEventId":"7h8dj04xrj0hwvc","operationId":"iy8qu3r20elp70g","previousOperationId":"2ygvlmwfshqw64h"}
{"type":"log","timestamp":1665546547361,"level":"debug","message":"Executing recipe chrome-pdf","meta":{"rootId":"7tzcwvfl8ghd8rk","id":"7tzcwvfl8ghd8rk"},"id":"x8zucv9hcrnu81i","previousOperationId":"iy8qu3r20elp70g"}
{"type":"log","timestamp":1665546547363,"level":"debug","message":"Converting with chrome HeadlessChrome/105.0.5173.0 using chrome-pool strategy","meta":{"rootId":"7tzcwvfl8ghd8rk","id":"7tzcwvfl8ghd8rk"},"id":"xqmc5diy9wsdcq6","previousOperationId":"iy8qu3r20elp70g"}
{"type":"log","timestamp":1665546547437,"level":"debug","message":"Page request: GET (document) file:///C:/Users/Klok/AppData/Local/Temp/jsreport/autocleanup/fa4175d2-2324-4020-8e12-dce3b53ad401-chrome-pdf.html","meta":{"rootId":"7tzcwvfl8ghd8rk","id":"7tzcwvfl8ghd8rk"},"id":"w0wlyimlc1eybws","previousOperationId":"iy8qu3r20elp70g"}
{"type":"log","timestamp":1665546547454,"level":"debug","message":"Page request finished: GET (document) 200 file:///C:/Users/Klok/AppData/Local/Temp/jsreport/autocleanup/fa4175d2-2324-4020-8e12-dce3b53ad401-chrome-pdf.html","meta":{"rootId":"7tzcwvfl8ghd8rk","id":"7tzcwvfl8ghd8rk"},"id":"w44h4w08vepshb4","previousOperationId":"iy8qu3r20elp70g"}
{"type":"log","timestamp":1665546547456,"level":"debug","message":"Running chrome with params {\"printBackground\":true,\"format\":\"A4\",\"marginTop\":\"\",\"marginLeft\":\"\",\"marginRight\":\"\",\"marginBottom\":\"\",\"timeout\":59971,\"margin\":{\"top\":\"\",\"right\":\"\",\"bottom\":\"\",\"left\":\"\"}}","meta":{"rootId":"7tzcwvfl8ghd8rk","id":"7tzcwvfl8ghd8rk"},"id":"d6nducydjetxsk2","previousOperationId":"iy8qu3r20elp70g"}
{"type":"operationEnd","operationId":"iy8qu3r20elp70g","timestamp":1665546547464,"id":"kuv0svdwqhbdrpd","previousEventId":"rxxlzkdday7009w","previousOperationId":"iy8qu3r20elp70g"}
{"type":"log","timestamp":1665546547464,"level":"debug","message":"Skipping storing report.","meta":{"rootId":"7tzcwvfl8ghd8rk","id":"7tzcwvfl8ghd8rk"},"id":"ob7yes16r3oi5g0","previousOperationId":"iy8qu3r20elp70g"}
{"type":"log","timestamp":1665546547464,"level":"info","message":"Rendering request 3 finished in 131 ms","meta":{"rootId":"7tzcwvfl8ghd8rk","id":"7tzcwvfl8ghd8rk"},"id":"wdbksleetivi2bx","previousOperationId":"iy8qu3r20elp70g"}
{"type":"operationEnd","subtype":"render","operationId":"kx0hz58oru1ku9u","timestamp":1665546547464,"id":"vjod7cww1fu9x5p","previousEventId":"kuv0svdwqhbdrpd","previousOperationId":"iy8qu3r20elp70g"}
{"type":"operationEnd","doDiffs":false,"previousEventId":"o0syiojiia1ouqd","previousOperationId":"73eybfwdpp25abs","operationId":"73eybfwdpp25abs","timestamp":1665546547470,"id":"0a49rhjp229341r"}
