{"type":"operationStart","subtype":"profile","data":{"_id":"AOHSWkhoo2fXVJh6","timestamp":"2022-10-11T08:31:14.257Z","state":"queued","mode":"standard","creationDate":"2022-10-11T08:31:14.259Z","modificationDate":"2022-10-11T08:31:14.259Z","shortid":"cWcVmQF","inheritedReadPermissions":[],"inheritedEditPermissions":[],"$entitySet":"profiles"},"doDiffs":false,"timestamp":1665477074258,"id":"0qpxyjuo5btnw5q","previousOperationId":null,"operationId":"cnfx9ifr6ve14xe"}
{"type":"log","level":"info","message":"Render request 252 queued for execution and waiting for available worker","previousOperationId":"cnfx9ifr6ve14xe","timestamp":1665477074258,"id":"ur0djhc0kdhvclf"}
{"type":"operationStart","subtype":"render","name":"invoice-main","previousOperationId":"cnfx9ifr6ve14xe","timestamp":1665477074265,"id":"80vu6cy5ihr2exg","previousEventId":"0qpxyjuo5btnw5q","operationId":"3ktonupuk6j4jps"}
{"type":"log","timestamp":1665477074265,"level":"info","message":"Starting rendering request 252 (user: admin)","meta":{"rootId":"8celrnylw423f1y","id":"8celrnylw423f1y"},"id":"zfw9ff8pnfegj4b","previousOperationId":"3ktonupuk6j4jps"}
{"type":"log","timestamp":1665477074265,"level":"info","message":"Rendering template { name: invoice-main, recipe: chrome-pdf, engine: handlebars, preview: true }","meta":{"rootId":"8celrnylw423f1y","id":"8celrnylw423f1y"},"id":"dtkyqjdcax3l03i","previousOperationId":"3ktonupuk6j4jps"}
{"type":"log","timestamp":1665477074265,"level":"debug","message":"Inline data specified.","meta":{"rootId":"8celrnylw423f1y","id":"8celrnylw423f1y"},"id":"398pe2ym1zclnqh","previousOperationId":"3ktonupuk6j4jps"}
{"type":"log","timestamp":1665477074267,"level":"debug","message":"Base url not specified, skipping its injection.","meta":{"rootId":"8celrnylw423f1y","id":"8celrnylw423f1y"},"id":"xgn66q40mgdysz6","previousOperationId":"3ktonupuk6j4jps"}
{"type":"operationStart","subtype":"engine","name":"handlebars","timestamp":1665477074267,"id":"v3a8hoztc61y7hh","previousEventId":"80vu6cy5ihr2exg","operationId":"qnd7z3cu1wsa0vi","previousOperationId":"3ktonupuk6j4jps"}
{"type":"log","timestamp":1665477074267,"level":"debug","message":"Rendering engine handlebars","meta":{"rootId":"8celrnylw423f1y","id":"8celrnylw423f1y"},"id":"yj94mt5aexia8hj","previousOperationId":"qnd7z3cu1wsa0vi"}
{"type":"operationEnd","operationId":"qnd7z3cu1wsa0vi","timestamp":1665477074274,"id":"v0m98jml1jvjgfm","previousEventId":"v3a8hoztc61y7hh","previousOperationId":"qnd7z3cu1wsa0vi"}
{"type":"operationStart","subtype":"recipe","name":"chrome-pdf","timestamp":1665477074274,"id":"erx5dgq0kifqszj","previousEventId":"v0m98jml1jvjgfm","operationId":"jigzo2kz1qg28sj","previousOperationId":"qnd7z3cu1wsa0vi"}
{"type":"log","timestamp":1665477074274,"level":"debug","message":"Executing recipe chrome-pdf","meta":{"rootId":"8celrnylw423f1y","id":"8celrnylw423f1y"},"id":"5k1ydqe1n84h3vg","previousOperationId":"jigzo2kz1qg28sj"}
{"type":"log","timestamp":1665477074276,"level":"debug","message":"Converting with chrome HeadlessChrome/105.0.5173.0 using chrome-pool strategy","meta":{"rootId":"8celrnylw423f1y","id":"8celrnylw423f1y"},"id":"ylw84w4qvjlmjpg","previousOperationId":"jigzo2kz1qg28sj"}
{"type":"log","timestamp":1665477074351,"level":"debug","message":"Page request: GET (document) file:///C:/Users/Klok/AppData/Local/Temp/jsreport/autocleanup/31f85a74-7703-4b4d-a265-970058ddc065-chrome-pdf.html","meta":{"rootId":"8celrnylw423f1y","id":"8celrnylw423f1y"},"id":"iljiztgd0q1es80","previousOperationId":"jigzo2kz1qg28sj"}
{"type":"log","timestamp":1665477074360,"level":"debug","message":"Page request finished: GET (document) 200 file:///C:/Users/Klok/AppData/Local/Temp/jsreport/autocleanup/31f85a74-7703-4b4d-a265-970058ddc065-chrome-pdf.html","meta":{"rootId":"8celrnylw423f1y","id":"8celrnylw423f1y"},"id":"l849eebrfgi5e4p","previousOperationId":"jigzo2kz1qg28sj"}
{"type":"log","timestamp":1665477074369,"level":"debug","message":"Running chrome with params {\"printBackground\":true,\"format\":\"A4\",\"marginTop\":\"1.5cm\",\"marginLeft\":\"2cm\",\"marginRight\":\"2cm\",\"marginBottom\":\"1.5cm\",\"timeout\":59982,\"margin\":{\"top\":\"1.5cm\",\"right\":\"2cm\",\"bottom\":\"1.5cm\",\"left\":\"2cm\"}}","meta":{"rootId":"8celrnylw423f1y","id":"8celrnylw423f1y"},"id":"ga0otu8jqt9p2lj","previousOperationId":"jigzo2kz1qg28sj"}
{"type":"operationEnd","operationId":"jigzo2kz1qg28sj","timestamp":1665477074384,"id":"v6ikk5utqc84u50","previousEventId":"erx5dgq0kifqszj","previousOperationId":"jigzo2kz1qg28sj"}
{"type":"log","timestamp":1665477074384,"level":"debug","message":"Skipping storing report.","meta":{"rootId":"8celrnylw423f1y","id":"8celrnylw423f1y"},"id":"wnw9c38r0r6s4nx","previousOperationId":"jigzo2kz1qg28sj"}
{"type":"log","timestamp":1665477074384,"level":"info","message":"Rendering request 252 finished in 127 ms","meta":{"rootId":"8celrnylw423f1y","id":"8celrnylw423f1y"},"id":"kr5kxgjbtnarssk","previousOperationId":"jigzo2kz1qg28sj"}
{"type":"operationEnd","subtype":"render","operationId":"3ktonupuk6j4jps","timestamp":1665477074384,"id":"0t1973wg72y9bl0","previousEventId":"v6ikk5utqc84u50","previousOperationId":"jigzo2kz1qg28sj"}
{"type":"operationEnd","doDiffs":false,"previousEventId":"0qpxyjuo5btnw5q","previousOperationId":"cnfx9ifr6ve14xe","operationId":"cnfx9ifr6ve14xe","timestamp":1665477074387,"id":"1k7tln43z41ecda"}
