{"type":"operationStart","subtype":"profile","data":{"_id":"s3waTqVb9m1we3np","timestamp":"2022-10-12T03:51:02.127Z","state":"queued","mode":"standard","creationDate":"2022-10-12T03:51:02.129Z","modificationDate":"2022-10-12T03:51:02.129Z","shortid":"tCyc6VG","inheritedReadPermissions":[],"inheritedEditPermissions":[],"$entitySet":"profiles"},"doDiffs":false,"timestamp":1665546662128,"id":"xglnbjmh6tmokqb","previousOperationId":null,"operationId":"asfc0o5grnb9wou"}
{"type":"log","level":"info","message":"Render request 6 queued for execution and waiting for available worker","previousOperationId":"asfc0o5grnb9wou","timestamp":1665546662128,"id":"owzaldg4nfi1dob"}
{"type":"operationStart","subtype":"render","name":"invoice-main","previousOperationId":"asfc0o5grnb9wou","timestamp":1665546662134,"id":"itoc1p297bz22tp","previousEventId":"xglnbjmh6tmokqb","operationId":"9619uzj50w1seu1"}
{"type":"log","timestamp":1665546662134,"level":"info","message":"Starting rendering request 6 (user: admin)","meta":{"rootId":"fa23h2ny853ri3h","id":"fa23h2ny853ri3h"},"id":"p2vg0zdkhabq8ng","previousOperationId":"9619uzj50w1seu1"}
{"type":"log","timestamp":1665546662134,"level":"info","message":"Rendering template { name: invoice-main, recipe: chrome-pdf, engine: handlebars, preview: true }","meta":{"rootId":"fa23h2ny853ri3h","id":"fa23h2ny853ri3h"},"id":"8aqcchxgvzux6ao","previousOperationId":"9619uzj50w1seu1"}
{"type":"log","timestamp":1665546662135,"level":"debug","message":"Adding sample data QqvBKlmfs","meta":{"rootId":"fa23h2ny853ri3h","id":"fa23h2ny853ri3h"},"id":"kq7flrjbiggf347","previousOperationId":"9619uzj50w1seu1"}
{"type":"log","timestamp":1665546662138,"level":"debug","message":"Base url not specified, skipping its injection.","meta":{"rootId":"fa23h2ny853ri3h","id":"fa23h2ny853ri3h"},"id":"b5dmku68v4xpy0q","previousOperationId":"9619uzj50w1seu1"}
{"type":"operationStart","subtype":"engine","name":"handlebars","timestamp":1665546662138,"id":"wr8jq3rkd5hrdw9","previousEventId":"itoc1p297bz22tp","operationId":"pkm8mev678dhwl4","previousOperationId":"9619uzj50w1seu1"}
{"type":"log","timestamp":1665546662138,"level":"debug","message":"Rendering engine handlebars","meta":{"rootId":"fa23h2ny853ri3h","id":"fa23h2ny853ri3h"},"id":"yrpl9n71ejwwh89","previousOperationId":"pkm8mev678dhwl4"}
{"type":"operationEnd","operationId":"pkm8mev678dhwl4","timestamp":1665546662151,"id":"kwhbk73r1xeugul","previousEventId":"wr8jq3rkd5hrdw9","previousOperationId":"pkm8mev678dhwl4"}
{"type":"operationStart","subtype":"recipe","name":"chrome-pdf","timestamp":1665546662153,"id":"uk1etz4vhhcrf6b","previousEventId":"kwhbk73r1xeugul","operationId":"x0bgl8ol23ek286","previousOperationId":"pkm8mev678dhwl4"}
{"type":"log","timestamp":1665546662153,"level":"debug","message":"Executing recipe chrome-pdf","meta":{"rootId":"fa23h2ny853ri3h","id":"fa23h2ny853ri3h"},"id":"o22msyvvhvdm7fv","previousOperationId":"x0bgl8ol23ek286"}
{"type":"log","timestamp":1665546662155,"level":"debug","message":"Converting with chrome HeadlessChrome/105.0.5173.0 using chrome-pool strategy","meta":{"rootId":"fa23h2ny853ri3h","id":"fa23h2ny853ri3h"},"id":"mpsbwmol5l86z0t","previousOperationId":"x0bgl8ol23ek286"}
{"type":"log","timestamp":1665546662234,"level":"debug","message":"Page request: GET (document) file:///C:/Users/Klok/AppData/Local/Temp/jsreport/autocleanup/4520874e-8512-4379-a7f5-b6da462a9a65-chrome-pdf.html","meta":{"rootId":"fa23h2ny853ri3h","id":"fa23h2ny853ri3h"},"id":"74utozghnzrfhxq","previousOperationId":"x0bgl8ol23ek286"}
{"type":"log","timestamp":1665546662248,"level":"debug","message":"Page request finished: GET (document) 200 file:///C:/Users/Klok/AppData/Local/Temp/jsreport/autocleanup/4520874e-8512-4379-a7f5-b6da462a9a65-chrome-pdf.html","meta":{"rootId":"fa23h2ny853ri3h","id":"fa23h2ny853ri3h"},"id":"zuz4o3u2re8yymj","previousOperationId":"x0bgl8ol23ek286"}
{"type":"log","timestamp":1665546662268,"level":"debug","message":"Running chrome with params {\"printBackground\":true,\"format\":\"A4\",\"marginTop\":\"\",\"marginLeft\":\"\",\"marginRight\":\"\",\"marginBottom\":\"\",\"timeout\":59972,\"margin\":{\"top\":\"\",\"right\":\"\",\"bottom\":\"\",\"left\":\"\"}}","meta":{"rootId":"fa23h2ny853ri3h","id":"fa23h2ny853ri3h"},"id":"z94lioney9rp4pl","previousOperationId":"x0bgl8ol23ek286"}
{"type":"operationEnd","operationId":"x0bgl8ol23ek286","timestamp":1665546662287,"id":"m50mddmziyt3k1f","previousEventId":"uk1etz4vhhcrf6b","previousOperationId":"x0bgl8ol23ek286"}
{"type":"log","timestamp":1665546662287,"level":"debug","message":"Skipping storing report.","meta":{"rootId":"fa23h2ny853ri3h","id":"fa23h2ny853ri3h"},"id":"w4buvve8h7u68cc","previousOperationId":"x0bgl8ol23ek286"}
{"type":"log","timestamp":1665546662287,"level":"info","message":"Rendering request 6 finished in 161 ms","meta":{"rootId":"fa23h2ny853ri3h","id":"fa23h2ny853ri3h"},"id":"4ah29ixjngkqmkk","previousOperationId":"x0bgl8ol23ek286"}
{"type":"operationEnd","subtype":"render","operationId":"9619uzj50w1seu1","timestamp":1665546662287,"id":"2bjvv93vefs0nj8","previousEventId":"m50mddmziyt3k1f","previousOperationId":"x0bgl8ol23ek286"}
{"type":"operationEnd","doDiffs":false,"previousEventId":"xglnbjmh6tmokqb","previousOperationId":"asfc0o5grnb9wou","operationId":"asfc0o5grnb9wou","timestamp":1665546662292,"id":"xuodu73rtg7w91y"}
