{"type":"operationStart","subtype":"profile","data":{"_id":"nkQndzOqV0IjHYNd","timestamp":"2022-10-11T08:27:57.023Z","state":"queued","mode":"standard","creationDate":"2022-10-11T08:27:57.025Z","modificationDate":"2022-10-11T08:27:57.025Z","shortid":"ym4As5l","inheritedReadPermissions":[],"inheritedEditPermissions":[],"$entitySet":"profiles"},"doDiffs":false,"timestamp":1665476877024,"id":"47qrtciv2pek4l8","previousOperationId":null,"operationId":"hz4k35iabo3ar72"}
{"type":"log","level":"info","message":"Render request 246 queued for execution and waiting for available worker","previousOperationId":"hz4k35iabo3ar72","timestamp":1665476877024,"id":"q6blel9z0w16ym3"}
{"type":"operationStart","subtype":"render","name":"invoice-main","previousOperationId":"hz4k35iabo3ar72","timestamp":1665476877034,"id":"0zl5tny2lxotdof","previousEventId":"47qrtciv2pek4l8","operationId":"shbbq60ej84rppc"}
{"type":"log","timestamp":1665476877034,"level":"info","message":"Starting rendering request 246 (user: admin)","meta":{"rootId":"mjj41z7l3dq2w6j","id":"mjj41z7l3dq2w6j"},"id":"hh62507i1vakc12","previousOperationId":"shbbq60ej84rppc"}
{"type":"log","timestamp":1665476877034,"level":"info","message":"Rendering template { name: invoice-main, recipe: chrome-pdf, engine: handlebars, preview: true }","meta":{"rootId":"mjj41z7l3dq2w6j","id":"mjj41z7l3dq2w6j"},"id":"f9agu3j2i7vg5p5","previousOperationId":"shbbq60ej84rppc"}
{"type":"log","timestamp":1665476877035,"level":"debug","message":"Inline data specified.","meta":{"rootId":"mjj41z7l3dq2w6j","id":"mjj41z7l3dq2w6j"},"id":"350mr6kuyj8n24r","previousOperationId":"shbbq60ej84rppc"}
{"type":"log","timestamp":1665476877037,"level":"debug","message":"Base url not specified, skipping its injection.","meta":{"rootId":"mjj41z7l3dq2w6j","id":"mjj41z7l3dq2w6j"},"id":"u91yalmr465bs1c","previousOperationId":"shbbq60ej84rppc"}
{"type":"operationStart","subtype":"engine","name":"handlebars","timestamp":1665476877037,"id":"sifd6xw2m1fjgmy","previousEventId":"0zl5tny2lxotdof","operationId":"ngx40rzjteuxd1n","previousOperationId":"shbbq60ej84rppc"}
{"type":"log","timestamp":1665476877037,"level":"debug","message":"Rendering engine handlebars","meta":{"rootId":"mjj41z7l3dq2w6j","id":"mjj41z7l3dq2w6j"},"id":"jiaelzfrwti6kbk","previousOperationId":"ngx40rzjteuxd1n"}
{"type":"operationEnd","operationId":"ngx40rzjteuxd1n","timestamp":1665476877049,"id":"wgnqfv5awq3ho4f","previousEventId":"sifd6xw2m1fjgmy","previousOperationId":"ngx40rzjteuxd1n"}
{"type":"operationStart","subtype":"recipe","name":"chrome-pdf","timestamp":1665476877049,"id":"fvb5hinmghyvzhi","previousEventId":"wgnqfv5awq3ho4f","operationId":"sto4z6k3lmqkhbw","previousOperationId":"ngx40rzjteuxd1n"}
{"type":"log","timestamp":1665476877049,"level":"debug","message":"Executing recipe chrome-pdf","meta":{"rootId":"mjj41z7l3dq2w6j","id":"mjj41z7l3dq2w6j"},"id":"8y7cx6uolj2hny9","previousOperationId":"sto4z6k3lmqkhbw"}
{"type":"log","timestamp":1665476877052,"level":"debug","message":"Converting with chrome HeadlessChrome/105.0.5173.0 using chrome-pool strategy","meta":{"rootId":"mjj41z7l3dq2w6j","id":"mjj41z7l3dq2w6j"},"id":"6fx5tzhtb4epnm6","previousOperationId":"sto4z6k3lmqkhbw"}
{"type":"log","timestamp":1665476877161,"level":"debug","message":"Page request: GET (document) file:///C:/Users/Klok/AppData/Local/Temp/jsreport/autocleanup/15c2fab3-17d8-4a3b-b798-b24ed1fd074a-chrome-pdf.html","meta":{"rootId":"mjj41z7l3dq2w6j","id":"mjj41z7l3dq2w6j"},"id":"tzxxm95xwgoxd2e","previousOperationId":"sto4z6k3lmqkhbw"}
{"type":"log","timestamp":1665476877174,"level":"debug","message":"Page request finished: GET (document) 200 file:///C:/Users/Klok/AppData/Local/Temp/jsreport/autocleanup/15c2fab3-17d8-4a3b-b798-b24ed1fd074a-chrome-pdf.html","meta":{"rootId":"mjj41z7l3dq2w6j","id":"mjj41z7l3dq2w6j"},"id":"cllvwiajqeknt8j","previousOperationId":"sto4z6k3lmqkhbw"}
{"type":"log","timestamp":1665476877191,"level":"debug","message":"Running chrome with params {\"printBackground\":true,\"timeout\":59972,\"margin\":{}}","meta":{"rootId":"mjj41z7l3dq2w6j","id":"mjj41z7l3dq2w6j"},"id":"ctg2ip4ot24qgl8","previousOperationId":"sto4z6k3lmqkhbw"}
{"type":"operationEnd","operationId":"sto4z6k3lmqkhbw","timestamp":1665476877220,"id":"kq0attdp5s8q5g6","previousEventId":"fvb5hinmghyvzhi","previousOperationId":"sto4z6k3lmqkhbw"}
{"type":"log","timestamp":1665476877220,"level":"debug","message":"Skipping storing report.","meta":{"rootId":"mjj41z7l3dq2w6j","id":"mjj41z7l3dq2w6j"},"id":"6snajkllc6njapw","previousOperationId":"sto4z6k3lmqkhbw"}
{"type":"log","timestamp":1665476877220,"level":"info","message":"Rendering request 246 finished in 197 ms","meta":{"rootId":"mjj41z7l3dq2w6j","id":"mjj41z7l3dq2w6j"},"id":"zd955hh5gxa7191","previousOperationId":"sto4z6k3lmqkhbw"}
{"type":"operationEnd","subtype":"render","operationId":"shbbq60ej84rppc","timestamp":1665476877220,"id":"2ql8abxxteyxy2a","previousEventId":"kq0attdp5s8q5g6","previousOperationId":"sto4z6k3lmqkhbw"}
{"type":"operationEnd","doDiffs":false,"previousEventId":"47qrtciv2pek4l8","previousOperationId":"hz4k35iabo3ar72","operationId":"hz4k35iabo3ar72","timestamp":1665476877225,"id":"5mq81ga2uk4gh8e"}
