{"type":"operationStart","subtype":"profile","data":{"_id":"XvsVl4hl6gFiZIMp","timestamp":"2022-10-11T08:29:48.400Z","state":"queued","mode":"standard","creationDate":"2022-10-11T08:29:48.401Z","modificationDate":"2022-10-11T08:29:48.401Z","shortid":"K2UhaqE","inheritedReadPermissions":[],"inheritedEditPermissions":[],"$entitySet":"profiles"},"doDiffs":false,"timestamp":1665476988401,"id":"xe8h5hxcalvdrjh","previousOperationId":null,"operationId":"se2gvcxijzd5njk"}
{"type":"log","level":"info","message":"Render request 248 queued for execution and waiting for available worker","previousOperationId":"se2gvcxijzd5njk","timestamp":1665476988401,"id":"dmtx6td2v7vnxbp"}
{"type":"operationStart","subtype":"render","name":"invoice-main","previousOperationId":"se2gvcxijzd5njk","timestamp":1665476988409,"id":"m3b2tu05lh2va5z","previousEventId":"xe8h5hxcalvdrjh","operationId":"gho9r1dkm6ktzf1"}
{"type":"log","timestamp":1665476988409,"level":"info","message":"Starting rendering request 248 (user: admin)","meta":{"rootId":"nimkvd5itohymro","id":"nimkvd5itohymro"},"id":"7tqmvkm04ado75q","previousOperationId":"gho9r1dkm6ktzf1"}
{"type":"log","timestamp":1665476988409,"level":"info","message":"Rendering template { name: invoice-main, recipe: chrome-pdf, engine: handlebars, preview: true }","meta":{"rootId":"nimkvd5itohymro","id":"nimkvd5itohymro"},"id":"rsfbemgiiei7xzj","previousOperationId":"gho9r1dkm6ktzf1"}
{"type":"log","timestamp":1665476988410,"level":"debug","message":"Inline data specified.","meta":{"rootId":"nimkvd5itohymro","id":"nimkvd5itohymro"},"id":"p8h8lfu4xiebt34","previousOperationId":"gho9r1dkm6ktzf1"}
{"type":"log","timestamp":1665476988412,"level":"debug","message":"Base url not specified, skipping its injection.","meta":{"rootId":"nimkvd5itohymro","id":"nimkvd5itohymro"},"id":"vmc2u4agyu5gcwt","previousOperationId":"gho9r1dkm6ktzf1"}
{"type":"operationStart","subtype":"engine","name":"handlebars","timestamp":1665476988412,"id":"x8zchpxp99nvpr6","previousEventId":"m3b2tu05lh2va5z","operationId":"oau2wcigf2qmr6x","previousOperationId":"gho9r1dkm6ktzf1"}
{"type":"log","timestamp":1665476988412,"level":"debug","message":"Rendering engine handlebars","meta":{"rootId":"nimkvd5itohymro","id":"nimkvd5itohymro"},"id":"a0a1x7otmpulois","previousOperationId":"oau2wcigf2qmr6x"}
{"type":"operationEnd","operationId":"oau2wcigf2qmr6x","timestamp":1665476988422,"id":"25lon5wktq8j5zp","previousEventId":"x8zchpxp99nvpr6","previousOperationId":"oau2wcigf2qmr6x"}
{"type":"operationStart","subtype":"recipe","name":"chrome-pdf","timestamp":1665476988422,"id":"yxx7f4u9p7jkd9s","previousEventId":"25lon5wktq8j5zp","operationId":"po32gjfbq0e3441","previousOperationId":"oau2wcigf2qmr6x"}
{"type":"log","timestamp":1665476988422,"level":"debug","message":"Executing recipe chrome-pdf","meta":{"rootId":"nimkvd5itohymro","id":"nimkvd5itohymro"},"id":"mwa3mb38jqp3ssz","previousOperationId":"po32gjfbq0e3441"}
{"type":"log","timestamp":1665476988426,"level":"debug","message":"Converting with chrome HeadlessChrome/105.0.5173.0 using chrome-pool strategy","meta":{"rootId":"nimkvd5itohymro","id":"nimkvd5itohymro"},"id":"ptqy5x996modglc","previousOperationId":"po32gjfbq0e3441"}
{"type":"log","timestamp":1665476988514,"level":"debug","message":"Page request: GET (document) file:///C:/Users/Klok/AppData/Local/Temp/jsreport/autocleanup/399bbb30-8ca0-4ad5-a71e-7f0579b5aaa0-chrome-pdf.html","meta":{"rootId":"nimkvd5itohymro","id":"nimkvd5itohymro"},"id":"qbko84aoqk0iw9a","previousOperationId":"po32gjfbq0e3441"}
{"type":"log","timestamp":1665476988526,"level":"debug","message":"Page request finished: GET (document) 200 file:///C:/Users/Klok/AppData/Local/Temp/jsreport/autocleanup/399bbb30-8ca0-4ad5-a71e-7f0579b5aaa0-chrome-pdf.html","meta":{"rootId":"nimkvd5itohymro","id":"nimkvd5itohymro"},"id":"y5bxm9p7ns0dawx","previousOperationId":"po32gjfbq0e3441"}
{"type":"log","timestamp":1665476988537,"level":"debug","message":"Running chrome with params {\"printBackground\":true,\"format\":\"A4\",\"marginTop\":\"10cm\",\"marginLeft\":\"10cm\",\"timeout\":59976,\"margin\":{\"top\":\"10cm\",\"left\":\"10cm\"}}","meta":{"rootId":"nimkvd5itohymro","id":"nimkvd5itohymro"},"id":"3t6tl0yf5m9rt74","previousOperationId":"po32gjfbq0e3441"}
{"type":"operationEnd","operationId":"po32gjfbq0e3441","timestamp":1665476988560,"id":"qb2rpwgyyyji93v","previousEventId":"yxx7f4u9p7jkd9s","previousOperationId":"po32gjfbq0e3441"}
{"type":"log","timestamp":1665476988561,"level":"debug","message":"Skipping storing report.","meta":{"rootId":"nimkvd5itohymro","id":"nimkvd5itohymro"},"id":"zjz52zw6gscec9t","previousOperationId":"po32gjfbq0e3441"}
{"type":"log","timestamp":1665476988561,"level":"info","message":"Rendering request 248 finished in 161 ms","meta":{"rootId":"nimkvd5itohymro","id":"nimkvd5itohymro"},"id":"3pzsc1woxlpjijy","previousOperationId":"po32gjfbq0e3441"}
{"type":"operationEnd","subtype":"render","operationId":"gho9r1dkm6ktzf1","timestamp":1665476988561,"id":"vql5ojp4t5y9y8j","previousEventId":"qb2rpwgyyyji93v","previousOperationId":"po32gjfbq0e3441"}
{"type":"operationEnd","doDiffs":false,"previousEventId":"xe8h5hxcalvdrjh","previousOperationId":"se2gvcxijzd5njk","operationId":"se2gvcxijzd5njk","timestamp":1665476988566,"id":"sewu8ukct1z87bz"}
