{"type":"operationStart","subtype":"profile","data":{"_id":"3vZ5y4VmtJiGhy6u","timestamp":"2022-10-11T08:30:15.736Z","state":"queued","mode":"standard","creationDate":"2022-10-11T08:30:15.737Z","modificationDate":"2022-10-11T08:30:15.737Z","shortid":"l1c2Saj","inheritedReadPermissions":[],"inheritedEditPermissions":[],"$entitySet":"profiles"},"doDiffs":false,"timestamp":1665477015737,"id":"0ssq1f8hspz5rg0","previousOperationId":null,"operationId":"f866lzexw9fesfs"}
{"type":"log","level":"info","message":"Render request 250 queued for execution and waiting for available worker","previousOperationId":"f866lzexw9fesfs","timestamp":1665477015737,"id":"7suyhvg4d9tpll8"}
{"type":"operationStart","subtype":"render","name":"invoice-main","previousOperationId":"f866lzexw9fesfs","timestamp":1665477015745,"id":"15rfoxbj8fswote","previousEventId":"0ssq1f8hspz5rg0","operationId":"5f84hfmv2i5mx4k"}
{"type":"log","timestamp":1665477015745,"level":"info","message":"Starting rendering request 250 (user: admin)","meta":{"rootId":"nqtxwds6f7wsv70","id":"nqtxwds6f7wsv70"},"id":"e3zhl39t7blp6sh","previousOperationId":"5f84hfmv2i5mx4k"}
{"type":"log","timestamp":1665477015745,"level":"info","message":"Rendering template { name: invoice-main, recipe: chrome-pdf, engine: handlebars, preview: true }","meta":{"rootId":"nqtxwds6f7wsv70","id":"nqtxwds6f7wsv70"},"id":"mqa0sa5ygj2czkm","previousOperationId":"5f84hfmv2i5mx4k"}
{"type":"log","timestamp":1665477015746,"level":"debug","message":"Inline data specified.","meta":{"rootId":"nqtxwds6f7wsv70","id":"nqtxwds6f7wsv70"},"id":"nyhfhqe0ophzk6r","previousOperationId":"5f84hfmv2i5mx4k"}
{"type":"log","timestamp":1665477015748,"level":"debug","message":"Base url not specified, skipping its injection.","meta":{"rootId":"nqtxwds6f7wsv70","id":"nqtxwds6f7wsv70"},"id":"723vtkxodwm8kt8","previousOperationId":"5f84hfmv2i5mx4k"}
{"type":"operationStart","subtype":"engine","name":"handlebars","timestamp":1665477015748,"id":"hvp00h49bb1a759","previousEventId":"15rfoxbj8fswote","operationId":"muqq70dngxnstc7","previousOperationId":"5f84hfmv2i5mx4k"}
{"type":"log","timestamp":1665477015748,"level":"debug","message":"Rendering engine handlebars","meta":{"rootId":"nqtxwds6f7wsv70","id":"nqtxwds6f7wsv70"},"id":"3cr8kfd5ilapnk2","previousOperationId":"muqq70dngxnstc7"}
{"type":"operationEnd","operationId":"muqq70dngxnstc7","timestamp":1665477015762,"id":"ds46ovm0oftxtsk","previousEventId":"hvp00h49bb1a759","previousOperationId":"muqq70dngxnstc7"}
{"type":"operationStart","subtype":"recipe","name":"chrome-pdf","timestamp":1665477015762,"id":"n8rzn46jajs36c8","previousEventId":"ds46ovm0oftxtsk","operationId":"jofxi0wvu5p2210","previousOperationId":"muqq70dngxnstc7"}
{"type":"log","timestamp":1665477015762,"level":"debug","message":"Executing recipe chrome-pdf","meta":{"rootId":"nqtxwds6f7wsv70","id":"nqtxwds6f7wsv70"},"id":"em1o7hxnz2mlvtf","previousOperationId":"jofxi0wvu5p2210"}
{"type":"log","timestamp":1665477015764,"level":"debug","message":"Converting with chrome HeadlessChrome/105.0.5173.0 using chrome-pool strategy","meta":{"rootId":"nqtxwds6f7wsv70","id":"nqtxwds6f7wsv70"},"id":"mz5cpxop1t5wwwl","previousOperationId":"jofxi0wvu5p2210"}
{"type":"log","timestamp":1665477015858,"level":"debug","message":"Page request: GET (document) file:///C:/Users/Klok/AppData/Local/Temp/jsreport/autocleanup/74af551a-d9b8-4472-957f-68e9835ba97f-chrome-pdf.html","meta":{"rootId":"nqtxwds6f7wsv70","id":"nqtxwds6f7wsv70"},"id":"uvyvkj8u7izp7xh","previousOperationId":"jofxi0wvu5p2210"}
{"type":"log","timestamp":1665477015869,"level":"debug","message":"Page request finished: GET (document) 200 file:///C:/Users/Klok/AppData/Local/Temp/jsreport/autocleanup/74af551a-d9b8-4472-957f-68e9835ba97f-chrome-pdf.html","meta":{"rootId":"nqtxwds6f7wsv70","id":"nqtxwds6f7wsv70"},"id":"mwv9z8yfho2lcqq","previousOperationId":"jofxi0wvu5p2210"}
{"type":"log","timestamp":1665477015880,"level":"debug","message":"Running chrome with params {\"printBackground\":true,\"format\":\"A4\",\"marginTop\":\"2cm\",\"marginLeft\":\"2cm\",\"timeout\":59972,\"margin\":{\"top\":\"2cm\",\"left\":\"2cm\"}}","meta":{"rootId":"nqtxwds6f7wsv70","id":"nqtxwds6f7wsv70"},"id":"sazh5m633rj1em0","previousOperationId":"jofxi0wvu5p2210"}
{"type":"operationEnd","operationId":"jofxi0wvu5p2210","timestamp":1665477015897,"id":"4k6guobn6fzsyin","previousEventId":"n8rzn46jajs36c8","previousOperationId":"jofxi0wvu5p2210"}
{"type":"log","timestamp":1665477015897,"level":"debug","message":"Skipping storing report.","meta":{"rootId":"nqtxwds6f7wsv70","id":"nqtxwds6f7wsv70"},"id":"c70b84bswg3e3sr","previousOperationId":"jofxi0wvu5p2210"}
{"type":"log","timestamp":1665477015897,"level":"info","message":"Rendering request 250 finished in 161 ms","meta":{"rootId":"nqtxwds6f7wsv70","id":"nqtxwds6f7wsv70"},"id":"4yc8p9txso49o6l","previousOperationId":"jofxi0wvu5p2210"}
{"type":"operationEnd","subtype":"render","operationId":"5f84hfmv2i5mx4k","timestamp":1665477015897,"id":"oc0y7fpskk2ofyx","previousEventId":"4k6guobn6fzsyin","previousOperationId":"jofxi0wvu5p2210"}
{"type":"operationEnd","doDiffs":false,"previousEventId":"0ssq1f8hspz5rg0","previousOperationId":"f866lzexw9fesfs","operationId":"f866lzexw9fesfs","timestamp":1665477015902,"id":"ukzbm778z9qfhqc"}
