{"type":"operationStart","subtype":"profile","data":{"_id":"AxZqKzhocHGD6Lqq","timestamp":"2022-10-11T08:27:09.602Z","state":"queued","mode":"standard","creationDate":"2022-10-11T08:27:09.607Z","modificationDate":"2022-10-11T08:27:09.607Z","shortid":"Nz_-eag","inheritedReadPermissions":[],"inheritedEditPermissions":[],"$entitySet":"profiles"},"doDiffs":false,"timestamp":1665476829605,"id":"aqihbouungjm37c","previousOperationId":null,"operationId":"pcf9s05pzev7y72"}
{"type":"log","level":"info","message":"Render request 245 queued for execution and waiting for available worker","previousOperationId":"pcf9s05pzev7y72","timestamp":1665476829606,"id":"b05i53vn97ueq21"}
{"type":"operationStart","subtype":"render","name":"invoice-main","previousOperationId":"pcf9s05pzev7y72","timestamp":1665476829617,"id":"ess75bnqxkyo4ox","previousEventId":"aqihbouungjm37c","operationId":"u34g5hoy87iafri"}
{"type":"log","timestamp":1665476829618,"level":"info","message":"Starting rendering request 245 (user: admin)","meta":{"rootId":"owpl8i8vf5hx1mn","id":"owpl8i8vf5hx1mn"},"id":"fkgc3y8qs20393m","previousOperationId":"u34g5hoy87iafri"}
{"type":"log","timestamp":1665476829618,"level":"info","message":"Rendering template { name: invoice-main, recipe: chrome-pdf, engine: handlebars, preview: true }","meta":{"rootId":"owpl8i8vf5hx1mn","id":"owpl8i8vf5hx1mn"},"id":"jsdpeeh3vqy9v3b","previousOperationId":"u34g5hoy87iafri"}
{"type":"log","timestamp":1665476829619,"level":"debug","message":"Inline data specified.","meta":{"rootId":"owpl8i8vf5hx1mn","id":"owpl8i8vf5hx1mn"},"id":"kmyvyhx4epzdjs7","previousOperationId":"u34g5hoy87iafri"}
{"type":"log","timestamp":1665476829620,"level":"debug","message":"Base url not specified, skipping its injection.","meta":{"rootId":"owpl8i8vf5hx1mn","id":"owpl8i8vf5hx1mn"},"id":"jbeeh899nu6kp6a","previousOperationId":"u34g5hoy87iafri"}
{"type":"operationStart","subtype":"engine","name":"handlebars","timestamp":1665476829621,"id":"z0g0rbsu9uamkbf","previousEventId":"ess75bnqxkyo4ox","operationId":"ts4gmk64ydby8up","previousOperationId":"u34g5hoy87iafri"}
{"type":"log","timestamp":1665476829621,"level":"debug","message":"Rendering engine handlebars","meta":{"rootId":"owpl8i8vf5hx1mn","id":"owpl8i8vf5hx1mn"},"id":"qyplairdbwxgrj2","previousOperationId":"ts4gmk64ydby8up"}
{"type":"operationEnd","operationId":"ts4gmk64ydby8up","timestamp":1665476829635,"id":"h904z0j6qmtm4ap","previousEventId":"z0g0rbsu9uamkbf","previousOperationId":"ts4gmk64ydby8up"}
{"type":"operationStart","subtype":"recipe","name":"chrome-pdf","timestamp":1665476829635,"id":"vlohnrdmxcjsdjv","previousEventId":"h904z0j6qmtm4ap","operationId":"pbncjjesb0lh2qw","previousOperationId":"ts4gmk64ydby8up"}
{"type":"log","timestamp":1665476829635,"level":"debug","message":"Executing recipe chrome-pdf","meta":{"rootId":"owpl8i8vf5hx1mn","id":"owpl8i8vf5hx1mn"},"id":"2r8d8dizkqqzjfm","previousOperationId":"pbncjjesb0lh2qw"}
{"type":"log","timestamp":1665476829637,"level":"debug","message":"Converting with chrome HeadlessChrome/105.0.5173.0 using chrome-pool strategy","meta":{"rootId":"owpl8i8vf5hx1mn","id":"owpl8i8vf5hx1mn"},"id":"gnlf23y9gpzjh9i","previousOperationId":"pbncjjesb0lh2qw"}
{"type":"log","timestamp":1665476829745,"level":"debug","message":"Page request: GET (document) file:///C:/Users/Klok/AppData/Local/Temp/jsreport/autocleanup/42013e09-a6ad-4615-b7ab-89cc070c76d2-chrome-pdf.html","meta":{"rootId":"owpl8i8vf5hx1mn","id":"owpl8i8vf5hx1mn"},"id":"twipwhbz4cfmo2o","previousOperationId":"pbncjjesb0lh2qw"}
{"type":"log","timestamp":1665476829761,"level":"debug","message":"Page request finished: GET (document) 200 file:///C:/Users/Klok/AppData/Local/Temp/jsreport/autocleanup/42013e09-a6ad-4615-b7ab-89cc070c76d2-chrome-pdf.html","meta":{"rootId":"owpl8i8vf5hx1mn","id":"owpl8i8vf5hx1mn"},"id":"o1736cwz9zh8qst","previousOperationId":"pbncjjesb0lh2qw"}
{"type":"log","timestamp":1665476829775,"level":"debug","message":"Running chrome with params {\"printBackground\":true,\"timeout\":59966,\"margin\":{}}","meta":{"rootId":"owpl8i8vf5hx1mn","id":"owpl8i8vf5hx1mn"},"id":"03wcxsd3fmwpk64","previousOperationId":"pbncjjesb0lh2qw"}
{"type":"operationEnd","operationId":"pbncjjesb0lh2qw","timestamp":1665476829807,"id":"2gf2fr39yj4n8in","previousEventId":"vlohnrdmxcjsdjv","previousOperationId":"pbncjjesb0lh2qw"}
{"type":"log","timestamp":1665476829807,"level":"debug","message":"Skipping storing report.","meta":{"rootId":"owpl8i8vf5hx1mn","id":"owpl8i8vf5hx1mn"},"id":"pnbmhyru4lopa5w","previousOperationId":"pbncjjesb0lh2qw"}
{"type":"log","timestamp":1665476829807,"level":"info","message":"Rendering request 245 finished in 205 ms","meta":{"rootId":"owpl8i8vf5hx1mn","id":"owpl8i8vf5hx1mn"},"id":"01p93t8usd9gd3b","previousOperationId":"pbncjjesb0lh2qw"}
{"type":"operationEnd","subtype":"render","operationId":"u34g5hoy87iafri","timestamp":1665476829807,"id":"8343i6y4ofbiunb","previousEventId":"2gf2fr39yj4n8in","previousOperationId":"pbncjjesb0lh2qw"}
{"type":"operationEnd","doDiffs":false,"previousEventId":"aqihbouungjm37c","previousOperationId":"pcf9s05pzev7y72","operationId":"pcf9s05pzev7y72","timestamp":1665476829813,"id":"uraqf90ifvm74qt"}
