{"type":"operationStart","subtype":"profile","data":{"_id":"Nv5lxkxWcgKMOXSU","timestamp":"2022-10-11T08:26:21.444Z","state":"queued","mode":"standard","creationDate":"2022-10-11T08:26:21.446Z","modificationDate":"2022-10-11T08:26:21.446Z","shortid":"tt8ACUO","inheritedReadPermissions":[],"inheritedEditPermissions":[],"$entitySet":"profiles"},"doDiffs":false,"timestamp":1665476781445,"id":"489y941rvq07a8n","previousOperationId":null,"operationId":"w1e2p6db4ktxh7c"}
{"type":"log","level":"info","message":"Render request 244 queued for execution and waiting for available worker","previousOperationId":"w1e2p6db4ktxh7c","timestamp":1665476781446,"id":"xvzrapq3mzm66hl"}
{"type":"operationStart","subtype":"render","name":"invoice-main","previousOperationId":"w1e2p6db4ktxh7c","timestamp":1665476781453,"id":"vdc6eg4zc5pijfj","previousEventId":"489y941rvq07a8n","operationId":"gek6oh2ln4lgeyo"}
{"type":"log","timestamp":1665476781453,"level":"info","message":"Starting rendering request 244 (user: admin)","meta":{"rootId":"pqt8w2g287es8nm","id":"pqt8w2g287es8nm"},"id":"j5w60spz6bpgkpj","previousOperationId":"gek6oh2ln4lgeyo"}
{"type":"log","timestamp":1665476781454,"level":"info","message":"Rendering template { name: invoice-main, recipe: chrome-pdf, engine: handlebars, preview: true }","meta":{"rootId":"pqt8w2g287es8nm","id":"pqt8w2g287es8nm"},"id":"pqxswbvuhvsk8sf","previousOperationId":"gek6oh2ln4lgeyo"}
{"type":"log","timestamp":1665476781454,"level":"debug","message":"Inline data specified.","meta":{"rootId":"pqt8w2g287es8nm","id":"pqt8w2g287es8nm"},"id":"2q06m036nukm3mf","previousOperationId":"gek6oh2ln4lgeyo"}
{"type":"log","timestamp":1665476781456,"level":"debug","message":"Base url not specified, skipping its injection.","meta":{"rootId":"pqt8w2g287es8nm","id":"pqt8w2g287es8nm"},"id":"1aua8lf87mpcrnw","previousOperationId":"gek6oh2ln4lgeyo"}
{"type":"operationStart","subtype":"engine","name":"handlebars","timestamp":1665476781456,"id":"u8d6pibzc5jp407","previousEventId":"vdc6eg4zc5pijfj","operationId":"cpaslglgigmr8yy","previousOperationId":"gek6oh2ln4lgeyo"}
{"type":"log","timestamp":1665476781456,"level":"debug","message":"Rendering engine handlebars","meta":{"rootId":"pqt8w2g287es8nm","id":"pqt8w2g287es8nm"},"id":"102h2lgxm0xj51r","previousOperationId":"cpaslglgigmr8yy"}
{"type":"operationEnd","operationId":"cpaslglgigmr8yy","timestamp":1665476781468,"id":"cmiwqhhn76z7bfd","previousEventId":"u8d6pibzc5jp407","previousOperationId":"cpaslglgigmr8yy"}
{"type":"operationStart","subtype":"recipe","name":"chrome-pdf","timestamp":1665476781469,"id":"prcf7wozvcn1npx","previousEventId":"cmiwqhhn76z7bfd","operationId":"7p6nsiznp4aos77","previousOperationId":"cpaslglgigmr8yy"}
{"type":"log","timestamp":1665476781469,"level":"debug","message":"Executing recipe chrome-pdf","meta":{"rootId":"pqt8w2g287es8nm","id":"pqt8w2g287es8nm"},"id":"vler4554uyl6fn7","previousOperationId":"7p6nsiznp4aos77"}
{"type":"log","timestamp":1665476781472,"level":"debug","message":"Converting with chrome HeadlessChrome/105.0.5173.0 using chrome-pool strategy","meta":{"rootId":"pqt8w2g287es8nm","id":"pqt8w2g287es8nm"},"id":"9cfwnsilw07s82r","previousOperationId":"7p6nsiznp4aos77"}
{"type":"log","timestamp":1665476781564,"level":"debug","message":"Page request: GET (document) file:///C:/Users/Klok/AppData/Local/Temp/jsreport/autocleanup/ed493272-68b6-4a58-aa62-7d561738e66b-chrome-pdf.html","meta":{"rootId":"pqt8w2g287es8nm","id":"pqt8w2g287es8nm"},"id":"q2zrt0y913d8fw6","previousOperationId":"7p6nsiznp4aos77"}
{"type":"log","timestamp":1665476781587,"level":"debug","message":"Page request finished: GET (document) 200 file:///C:/Users/Klok/AppData/Local/Temp/jsreport/autocleanup/ed493272-68b6-4a58-aa62-7d561738e66b-chrome-pdf.html","meta":{"rootId":"pqt8w2g287es8nm","id":"pqt8w2g287es8nm"},"id":"kauuvs3xr9odwss","previousOperationId":"7p6nsiznp4aos77"}
{"type":"log","timestamp":1665476781599,"level":"debug","message":"Running chrome with params {\"printBackground\":true,\"timeout\":59973,\"margin\":{}}","meta":{"rootId":"pqt8w2g287es8nm","id":"pqt8w2g287es8nm"},"id":"ra903pxqnslxtse","previousOperationId":"7p6nsiznp4aos77"}
{"type":"operationEnd","operationId":"7p6nsiznp4aos77","timestamp":1665476781618,"id":"rb8v9orwn6wsvje","previousEventId":"prcf7wozvcn1npx","previousOperationId":"7p6nsiznp4aos77"}
{"type":"log","timestamp":1665476781618,"level":"debug","message":"Skipping storing report.","meta":{"rootId":"pqt8w2g287es8nm","id":"pqt8w2g287es8nm"},"id":"352xbvrp6djxuhp","previousOperationId":"7p6nsiznp4aos77"}
{"type":"log","timestamp":1665476781618,"level":"info","message":"Rendering request 244 finished in 174 ms","meta":{"rootId":"pqt8w2g287es8nm","id":"pqt8w2g287es8nm"},"id":"dwf1smenzfmgd6w","previousOperationId":"7p6nsiznp4aos77"}
{"type":"operationEnd","subtype":"render","operationId":"gek6oh2ln4lgeyo","timestamp":1665476781618,"id":"aincu10q2tfh2bq","previousEventId":"rb8v9orwn6wsvje","previousOperationId":"7p6nsiznp4aos77"}
{"type":"operationEnd","doDiffs":false,"previousEventId":"489y941rvq07a8n","previousOperationId":"w1e2p6db4ktxh7c","operationId":"w1e2p6db4ktxh7c","timestamp":1665476781621,"id":"vk69pwwjzhh2qyp"}
