{"type":"operationStart","subtype":"profile","data":{"_id":"vkoBup31pttmwBNr","timestamp":"2022-10-11T08:31:21.686Z","state":"queued","mode":"standard","creationDate":"2022-10-11T08:31:21.687Z","modificationDate":"2022-10-11T08:31:21.687Z","shortid":"1suTgmg","inheritedReadPermissions":[],"inheritedEditPermissions":[],"$entitySet":"profiles"},"doDiffs":false,"timestamp":1665477081687,"id":"uhh4m692bpd0qwo","previousOperationId":null,"operationId":"xluajg2e9fj651x"}
{"type":"log","level":"info","message":"Render request 253 queued for execution and waiting for available worker","previousOperationId":"xluajg2e9fj651x","timestamp":1665477081687,"id":"pd7x1u5uiqbkjg9"}
{"type":"operationStart","subtype":"render","name":"invoice-main","previousOperationId":"xluajg2e9fj651x","timestamp":1665477081692,"id":"ugp9egnqtkexfiv","previousEventId":"uhh4m692bpd0qwo","operationId":"qbjfeaja2k6mxor"}
{"type":"log","timestamp":1665477081692,"level":"info","message":"Starting rendering request 253 (user: admin)","meta":{"rootId":"z99f72qo4wtamc1","id":"z99f72qo4wtamc1"},"id":"8xcf4xa02ium9io","previousOperationId":"qbjfeaja2k6mxor"}
{"type":"log","timestamp":1665477081693,"level":"info","message":"Rendering template { name: invoice-main, recipe: chrome-pdf, engine: handlebars, preview: true }","meta":{"rootId":"z99f72qo4wtamc1","id":"z99f72qo4wtamc1"},"id":"rtul58kbe4wj37c","previousOperationId":"qbjfeaja2k6mxor"}
{"type":"log","timestamp":1665477081693,"level":"debug","message":"Inline data specified.","meta":{"rootId":"z99f72qo4wtamc1","id":"z99f72qo4wtamc1"},"id":"80u9hh04nkbqlch","previousOperationId":"qbjfeaja2k6mxor"}
{"type":"log","timestamp":1665477081694,"level":"debug","message":"Base url not specified, skipping its injection.","meta":{"rootId":"z99f72qo4wtamc1","id":"z99f72qo4wtamc1"},"id":"lj8db4kip1s0uro","previousOperationId":"qbjfeaja2k6mxor"}
{"type":"operationStart","subtype":"engine","name":"handlebars","timestamp":1665477081694,"id":"ay7gh651qqjdls4","previousEventId":"ugp9egnqtkexfiv","operationId":"sucvfo7jz7yx82m","previousOperationId":"qbjfeaja2k6mxor"}
{"type":"log","timestamp":1665477081694,"level":"debug","message":"Rendering engine handlebars","meta":{"rootId":"z99f72qo4wtamc1","id":"z99f72qo4wtamc1"},"id":"97tcx8m90t9ivv1","previousOperationId":"sucvfo7jz7yx82m"}
{"type":"operationEnd","operationId":"sucvfo7jz7yx82m","timestamp":1665477081701,"id":"ov33my079sj00te","previousEventId":"ay7gh651qqjdls4","previousOperationId":"sucvfo7jz7yx82m"}
{"type":"operationStart","subtype":"recipe","name":"chrome-pdf","timestamp":1665477081701,"id":"kmgkzmeo0xzejqr","previousEventId":"ov33my079sj00te","operationId":"dcaynqdbwryrgup","previousOperationId":"sucvfo7jz7yx82m"}
{"type":"log","timestamp":1665477081701,"level":"debug","message":"Executing recipe chrome-pdf","meta":{"rootId":"z99f72qo4wtamc1","id":"z99f72qo4wtamc1"},"id":"28v8qx76547lub3","previousOperationId":"dcaynqdbwryrgup"}
{"type":"log","timestamp":1665477081703,"level":"debug","message":"Converting with chrome HeadlessChrome/105.0.5173.0 using chrome-pool strategy","meta":{"rootId":"z99f72qo4wtamc1","id":"z99f72qo4wtamc1"},"id":"61xfh5myxlhdcme","previousOperationId":"dcaynqdbwryrgup"}
{"type":"log","timestamp":1665477081786,"level":"debug","message":"Page request: GET (document) file:///C:/Users/Klok/AppData/Local/Temp/jsreport/autocleanup/6ec6089d-8c55-44f0-b490-3bf5bd176851-chrome-pdf.html","meta":{"rootId":"z99f72qo4wtamc1","id":"z99f72qo4wtamc1"},"id":"1nr32xa65qfhxc9","previousOperationId":"dcaynqdbwryrgup"}
{"type":"log","timestamp":1665477081795,"level":"debug","message":"Page request finished: GET (document) 200 file:///C:/Users/Klok/AppData/Local/Temp/jsreport/autocleanup/6ec6089d-8c55-44f0-b490-3bf5bd176851-chrome-pdf.html","meta":{"rootId":"z99f72qo4wtamc1","id":"z99f72qo4wtamc1"},"id":"rpfzruzz0q6a1i0","previousOperationId":"dcaynqdbwryrgup"}
{"type":"log","timestamp":1665477081806,"level":"debug","message":"Running chrome with params {\"printBackground\":true,\"format\":\"A4\",\"marginTop\":\"1cm\",\"marginLeft\":\"2cm\",\"marginRight\":\"2cm\",\"marginBottom\":\"1cm\",\"timeout\":59983,\"margin\":{\"top\":\"1cm\",\"right\":\"2cm\",\"bottom\":\"1cm\",\"left\":\"2cm\"}}","meta":{"rootId":"z99f72qo4wtamc1","id":"z99f72qo4wtamc1"},"id":"xjenig57f2omos5","previousOperationId":"dcaynqdbwryrgup"}
{"type":"operationEnd","operationId":"dcaynqdbwryrgup","timestamp":1665477081825,"id":"hlgjnfnc0mm9jt3","previousEventId":"kmgkzmeo0xzejqr","previousOperationId":"dcaynqdbwryrgup"}
{"type":"log","timestamp":1665477081825,"level":"debug","message":"Skipping storing report.","meta":{"rootId":"z99f72qo4wtamc1","id":"z99f72qo4wtamc1"},"id":"vkbr3cw62tliqeo","previousOperationId":"dcaynqdbwryrgup"}
{"type":"log","timestamp":1665477081825,"level":"info","message":"Rendering request 253 finished in 139 ms","meta":{"rootId":"z99f72qo4wtamc1","id":"z99f72qo4wtamc1"},"id":"8as4rk8w2mki7wb","previousOperationId":"dcaynqdbwryrgup"}
{"type":"operationEnd","subtype":"render","operationId":"qbjfeaja2k6mxor","timestamp":1665477081825,"id":"pb4pr0mkycsum97","previousEventId":"hlgjnfnc0mm9jt3","previousOperationId":"dcaynqdbwryrgup"}
{"type":"operationEnd","doDiffs":false,"previousEventId":"uhh4m692bpd0qwo","previousOperationId":"xluajg2e9fj651x","operationId":"xluajg2e9fj651x","timestamp":1665477081830,"id":"r8evhvn6zrqadog"}
