{"type":"operationStart","subtype":"profile","data":{"_id":"l9mkMSTU1KLYClir","timestamp":"2022-10-12T05:04:22.642Z","state":"queued","mode":"standard","creationDate":"2022-10-12T05:04:22.643Z","modificationDate":"2022-10-12T05:04:22.643Z","shortid":"hkX6vkB","inheritedReadPermissions":[],"inheritedEditPermissions":[],"$entitySet":"profiles"},"doDiffs":false,"timestamp":1665551062643,"id":"yfgv4w4rpr1wtk3","previousOperationId":null,"operationId":"xpf507tkway2ct7"}
{"type":"log","level":"info","message":"Render request 81 queued for execution and waiting for available worker","previousOperationId":"xpf507tkway2ct7","timestamp":1665551062643,"id":"x7lczpfuxmot8z9"}
{"type":"operationStart","subtype":"render","name":"orders-main","previousOperationId":"xpf507tkway2ct7","timestamp":1665551062649,"id":"xo0ei3ha751x15j","previousEventId":"yfgv4w4rpr1wtk3","operationId":"4505y1dhy28gmt9"}
{"type":"log","timestamp":1665551062649,"level":"info","message":"Starting rendering request 81 (user: admin)","meta":{"rootId":"22x8jkwbcvh15bd","id":"22x8jkwbcvh15bd"},"id":"qlgj7mg3wemnbwm","previousOperationId":"4505y1dhy28gmt9"}
{"type":"log","timestamp":1665551062649,"level":"info","message":"Rendering template { name: orders-main, recipe: chrome-pdf, engine: handlebars, preview: true }","meta":{"rootId":"22x8jkwbcvh15bd","id":"22x8jkwbcvh15bd"},"id":"lmu4fbmlnop7wy7","previousOperationId":"4505y1dhy28gmt9"}
{"type":"log","timestamp":1665551062650,"level":"debug","message":"Data item not defined for this template.","meta":{"rootId":"22x8jkwbcvh15bd","id":"22x8jkwbcvh15bd"},"id":"7m4g4r1wpk3hmra","previousOperationId":"4505y1dhy28gmt9"}
{"type":"log","timestamp":1665551062653,"level":"debug","message":"Executing script orders-script (beforeRender)","meta":{"rootId":"22x8jkwbcvh15bd","id":"22x8jkwbcvh15bd"},"id":"o9us0veibkcz1np","previousOperationId":"4505y1dhy28gmt9"}
{"type":"operationStart","subtype":"scriptsBeforeRender","name":"scripts beforeRender","timestamp":1665551062676,"id":"n4ybhdz9abexmjq","previousEventId":"xo0ei3ha751x15j","operationId":"h1s9hniwabpy01o","previousOperationId":"4505y1dhy28gmt9"}
{"type":"operationStart","subtype":"script","name":"scripts orders-script","previousOperationId":"h1s9hniwabpy01o","timestamp":1665551062676,"id":"6hnoss6njhl35es","previousEventId":"n4ybhdz9abexmjq","operationId":"ijs7rooay681jxu"}
{"type":"operationEnd","operationId":"ijs7rooay681jxu","timestamp":1665551085827,"id":"74jf0o7233oshz7","previousEventId":"xo0ei3ha751x15j","previousOperationId":"4505y1dhy28gmt9"}
{"type":"operationEnd","operationId":"h1s9hniwabpy01o","timestamp":1665551085827,"id":"dcjvqvzhw2z1lqp","previousEventId":"74jf0o7233oshz7","previousOperationId":"4505y1dhy28gmt9"}
{"type":"log","timestamp":1665551085827,"level":"debug","message":"Base url not specified, skipping its injection.","meta":{"rootId":"22x8jkwbcvh15bd","id":"22x8jkwbcvh15bd"},"id":"a1vydve67tpmnsg","previousOperationId":"h1s9hniwabpy01o"}
{"type":"operationStart","subtype":"engine","name":"handlebars","timestamp":1665551085827,"id":"gf75s86hjaf3hfm","previousEventId":"dcjvqvzhw2z1lqp","operationId":"x2jqca13shnpxph","previousOperationId":"h1s9hniwabpy01o"}
{"type":"log","timestamp":1665551085827,"level":"debug","message":"Rendering engine handlebars","meta":{"rootId":"22x8jkwbcvh15bd","id":"22x8jkwbcvh15bd"},"id":"929u09e1rcwgkfl","previousOperationId":"x2jqca13shnpxph"}
{"type":"log","timestamp":1665551085838,"level":"debug","message":"Pdf utils adding group field, value: \"France\"","meta":{"userLevel":true,"rootId":"22x8jkwbcvh15bd","id":"22x8jkwbcvh15bd"},"id":"r2ex692hw61yu7g","previousOperationId":"x2jqca13shnpxph"}
{"type":"log","timestamp":1665551085839,"level":"debug","message":"Pdf utils adding group field, value: \"Germany\"","meta":{"userLevel":true,"rootId":"22x8jkwbcvh15bd","id":"22x8jkwbcvh15bd"},"id":"sybyu73jxlrw2df","previousOperationId":"x2jqca13shnpxph"}
{"type":"operationEnd","operationId":"x2jqca13shnpxph","timestamp":1665551085839,"id":"un53t8knluj0dlu","previousEventId":"gf75s86hjaf3hfm","previousOperationId":"x2jqca13shnpxph"}
{"type":"operationStart","subtype":"recipe","name":"chrome-pdf","timestamp":1665551085840,"id":"xqw4rwhz5jj5b0d","previousEventId":"un53t8knluj0dlu","operationId":"ehoofwl82iwryj0","previousOperationId":"x2jqca13shnpxph"}
{"type":"log","timestamp":1665551085840,"level":"debug","message":"Executing recipe chrome-pdf","meta":{"rootId":"22x8jkwbcvh15bd","id":"22x8jkwbcvh15bd"},"id":"4nowppkij18fl0m","previousOperationId":"ehoofwl82iwryj0"}
{"type":"log","timestamp":1665551085842,"level":"debug","message":"Converting with chrome HeadlessChrome/105.0.5173.0 using chrome-pool strategy","meta":{"rootId":"22x8jkwbcvh15bd","id":"22x8jkwbcvh15bd"},"id":"d5x4tg1rwlzfwsp","previousOperationId":"ehoofwl82iwryj0"}
{"type":"log","timestamp":1665551085903,"level":"debug","message":"Page request: GET (document) file:///C:/Users/Klok/AppData/Local/Temp/jsreport/autocleanup/5214614f-6ee5-4346-bdca-c682585e6f3b-chrome-pdf.html","meta":{"rootId":"22x8jkwbcvh15bd","id":"22x8jkwbcvh15bd"},"id":"aic538lh8fgwsan","previousOperationId":"ehoofwl82iwryj0"}
{"type":"log","timestamp":1665551085950,"level":"debug","message":"Page request: GET (stylesheet) https://cdnjs.cloudflare.com/ajax/libs/metro/4.1.5/css/metro.min.css","meta":{"rootId":"22x8jkwbcvh15bd","id":"22x8jkwbcvh15bd"},"id":"lnjms8j8n4l0hia","previousOperationId":"ehoofwl82iwryj0"}
{"type":"log","timestamp":1665551085950,"level":"debug","message":"Page request finished: GET (document) 200 file:///C:/Users/Klok/AppData/Local/Temp/jsreport/autocleanup/5214614f-6ee5-4346-bdca-c682585e6f3b-chrome-pdf.html","meta":{"rootId":"22x8jkwbcvh15bd","id":"22x8jkwbcvh15bd"},"id":"oo4dfjcnrximapm","previousOperationId":"ehoofwl82iwryj0"}
{"type":"log","timestamp":1665551085950,"level":"debug","message":"Page request: GET (script) https://cdnjs.cloudflare.com/ajax/libs/Chart.js/2.7.2/Chart.min.js","meta":{"rootId":"22x8jkwbcvh15bd","id":"22x8jkwbcvh15bd"},"id":"inuc9um3k8msi42","previousOperationId":"ehoofwl82iwryj0"}
{"type":"log","timestamp":1665551088293,"level":"debug","message":"Page request finished: GET (stylesheet) 200 https://cdnjs.cloudflare.com/ajax/libs/metro/4.1.5/css/metro.min.css","meta":{"rootId":"22x8jkwbcvh15bd","id":"22x8jkwbcvh15bd"},"id":"4pjawzusa1w7fha","previousOperationId":"ehoofwl82iwryj0"}
{"type":"log","timestamp":1665551088297,"level":"debug","message":"Page request finished: GET (script) 200 https://cdnjs.cloudflare.com/ajax/libs/Chart.js/2.7.2/Chart.min.js","meta":{"rootId":"22x8jkwbcvh15bd","id":"22x8jkwbcvh15bd"},"id":"ka6g14d2mtpbeux","previousOperationId":"ehoofwl82iwryj0"}
{"type":"log","timestamp":1665551088373,"level":"debug","message":"Running chrome with params {\"printBackground\":true,\"marginTop\":\"4cm\",\"marginRight\":\"1.5cm\",\"marginBottom\":\"1.5cm\",\"marginLeft\":\"1.5cm\",\"waitForJS\":false,\"timeout\":36801,\"margin\":{\"top\":\"4cm\",\"right\":\"1.5cm\",\"bottom\":\"1.5cm\",\"left\":\"1.5cm\"}}","meta":{"rootId":"22x8jkwbcvh15bd","id":"22x8jkwbcvh15bd"},"id":"3heca5dkqdnwfj4","previousOperationId":"ehoofwl82iwryj0"}
{"type":"operationEnd","operationId":"ehoofwl82iwryj0","timestamp":1665551088510,"id":"g2uinq3wdf6hxds","previousEventId":"xqw4rwhz5jj5b0d","previousOperationId":"ehoofwl82iwryj0"}
{"type":"log","timestamp":1665551088510,"level":"info","message":"pdf-utils is starting pdf processing","meta":{"rootId":"22x8jkwbcvh15bd","id":"22x8jkwbcvh15bd"},"id":"7ov9ustv5gozeca","previousOperationId":"ehoofwl82iwryj0"}
{"type":"operationStart","subtype":"pdfUtils","name":"pdf utils","timestamp":1665551088741,"id":"2gzu8h0ftyej67d","previousEventId":"g2uinq3wdf6hxds","operationId":"j8j9a8v9d0046ze","previousOperationId":"ehoofwl82iwryj0"}
{"type":"log","timestamp":1665551088742,"level":"debug","message":"pdf-utils detected 1 pdf operation(s) to process","meta":{"rootId":"22x8jkwbcvh15bd","id":"22x8jkwbcvh15bd"},"id":"jvlkkbrdny1lztp","previousOperationId":"j8j9a8v9d0046ze"}
{"type":"log","timestamp":1665551089003,"level":"debug","message":"pdf-utils running pdf operation merge","meta":{"rootId":"22x8jkwbcvh15bd","id":"22x8jkwbcvh15bd"},"id":"f6lgxvu0r74ryq4","previousOperationId":"j8j9a8v9d0046ze"}
{"type":"operationStart","subtype":"pdfUtilsMerge","name":"pdf utils merge","previousOperationId":"j8j9a8v9d0046ze","timestamp":1665551089003,"id":"lzy8ws8rhom70t9","previousEventId":"2gzu8h0ftyej67d","operationId":"3whgjrpfwhk558h"}
{"type":"operationStart","subtype":"render","name":"orders-header","previousOperationId":"3whgjrpfwhk558h","timestamp":1665551089004,"id":"90m9txhqwqe55li","previousEventId":"lzy8ws8rhom70t9","operationId":"xcljsf49nlmv1c7"}
{"type":"log","timestamp":1665551089004,"level":"info","message":"Starting rendering request 81 (user: admin)","meta":{"rootId":"22x8jkwbcvh15bd","id":"3guthp683xn3e6x"},"id":"jngrsh4ac4zqlrj","previousOperationId":"xcljsf49nlmv1c7"}
{"type":"log","timestamp":1665551089004,"level":"info","message":"Rendering template { name: orders-header, recipe: chrome-pdf, engine: handlebars, preview: true }","meta":{"rootId":"22x8jkwbcvh15bd","id":"3guthp683xn3e6x"},"id":"5eb3tuf506kt0jb","previousOperationId":"xcljsf49nlmv1c7"}
{"type":"log","timestamp":1665551089008,"level":"debug","message":"Inline data specified.","meta":{"rootId":"22x8jkwbcvh15bd","id":"3guthp683xn3e6x"},"id":"4n43iicyif9nnsg","previousOperationId":"xcljsf49nlmv1c7"}
{"type":"log","timestamp":1665551089011,"level":"debug","message":"Base url not specified, skipping its injection.","meta":{"rootId":"22x8jkwbcvh15bd","id":"3guthp683xn3e6x"},"id":"1m40kkqgqrljjcv","previousOperationId":"xcljsf49nlmv1c7"}
{"type":"operationStart","subtype":"engine","name":"handlebars","timestamp":1665551089011,"id":"foh0mtz2238ibn1","previousEventId":"90m9txhqwqe55li","operationId":"3a82fls5v5z5mto","previousOperationId":"xcljsf49nlmv1c7"}
{"type":"log","timestamp":1665551089011,"level":"debug","message":"Rendering engine handlebars","meta":{"rootId":"22x8jkwbcvh15bd","id":"3guthp683xn3e6x"},"id":"gaqzm0ukivjw4gm","previousOperationId":"3a82fls5v5z5mto"}
{"type":"operationEnd","operationId":"3a82fls5v5z5mto","timestamp":1665551089030,"id":"4o2mk9n9hpiaomz","previousEventId":"foh0mtz2238ibn1","previousOperationId":"3a82fls5v5z5mto"}
{"type":"operationStart","subtype":"recipe","name":"chrome-pdf","timestamp":1665551089030,"id":"lyqp1wziyym56hw","previousEventId":"4o2mk9n9hpiaomz","operationId":"1s4fi1vfut180tj","previousOperationId":"3a82fls5v5z5mto"}
{"type":"log","timestamp":1665551089030,"level":"debug","message":"Executing recipe chrome-pdf","meta":{"rootId":"22x8jkwbcvh15bd","id":"3guthp683xn3e6x"},"id":"qsc3350xppx2bkq","previousOperationId":"1s4fi1vfut180tj"}
{"type":"log","timestamp":1665551089032,"level":"debug","message":"Converting with chrome HeadlessChrome/105.0.5173.0 using chrome-pool strategy","meta":{"rootId":"22x8jkwbcvh15bd","id":"3guthp683xn3e6x"},"id":"hxw3eoachna67ov","previousOperationId":"1s4fi1vfut180tj"}
{"type":"log","timestamp":1665551089109,"level":"debug","message":"Page request: GET (document) file:///C:/Users/Klok/AppData/Local/Temp/jsreport/autocleanup/66df260b-dcb6-4587-b2f6-1d8158d6379c-chrome-pdf.html","meta":{"rootId":"22x8jkwbcvh15bd","id":"3guthp683xn3e6x"},"id":"ed4m4q1gp9whkp9","previousOperationId":"1s4fi1vfut180tj"}
{"type":"log","timestamp":1665551089126,"level":"debug","message":"Page request finished: GET (document) 200 file:///C:/Users/Klok/AppData/Local/Temp/jsreport/autocleanup/66df260b-dcb6-4587-b2f6-1d8158d6379c-chrome-pdf.html","meta":{"rootId":"22x8jkwbcvh15bd","id":"3guthp683xn3e6x"},"id":"ae5qaujgmc2im7s","previousOperationId":"1s4fi1vfut180tj"}
{"type":"log","timestamp":1665551089126,"level":"debug","message":"Page request: GET (stylesheet) https://cdnjs.cloudflare.com/ajax/libs/metro/4.1.5/css/metro.min.css","meta":{"rootId":"22x8jkwbcvh15bd","id":"3guthp683xn3e6x"},"id":"0kkionlumwaa81r","previousOperationId":"1s4fi1vfut180tj"}
{"type":"log","timestamp":1665551089143,"level":"debug","message":"Page request finished: GET (stylesheet) 200 https://cdnjs.cloudflare.com/ajax/libs/metro/4.1.5/css/metro.min.css","meta":{"rootId":"22x8jkwbcvh15bd","id":"3guthp683xn3e6x"},"id":"iyylaohp677yhpr","previousOperationId":"1s4fi1vfut180tj"}
{"type":"log","timestamp":1665551089161,"level":"debug","message":"Running chrome with params {\"printBackground\":true,\"marginTop\":\"1.5cm\",\"marginRight\":\"1.5cm\",\"marginLeft\":\"1.cm\",\"timeout\":33611,\"margin\":{\"top\":\"1.5cm\",\"right\":\"1.5cm\",\"left\":\"1.cm\"}}","meta":{"rootId":"22x8jkwbcvh15bd","id":"3guthp683xn3e6x"},"id":"nms57hmnvfwrq54","previousOperationId":"1s4fi1vfut180tj"}
{"type":"operationEnd","operationId":"1s4fi1vfut180tj","timestamp":1665551089213,"id":"o87s1vghoyetnlr","previousEventId":"lyqp1wziyym56hw","previousOperationId":"1s4fi1vfut180tj"}
{"type":"log","timestamp":1665551089213,"level":"debug","message":"Skipping storing report.","meta":{"rootId":"22x8jkwbcvh15bd","id":"3guthp683xn3e6x"},"id":"ut2jlr45v7e3as6","previousOperationId":"1s4fi1vfut180tj"}
{"type":"log","timestamp":1665551089214,"level":"info","message":"Rendering request 81 finished in 26572 ms","meta":{"rootId":"22x8jkwbcvh15bd","id":"3guthp683xn3e6x"},"id":"0ybxxo1f7py06td","previousOperationId":"1s4fi1vfut180tj"}
{"type":"operationEnd","subtype":"render","operationId":"xcljsf49nlmv1c7","timestamp":1665551089214,"id":"chv4e7ppfac0f2v","previousEventId":"o87s1vghoyetnlr","previousOperationId":"1s4fi1vfut180tj"}
{"type":"operationEnd","operationId":"3whgjrpfwhk558h","timestamp":1665551089252,"id":"nbgqzin14kokc49","previousEventId":"lzy8ws8rhom70t9","previousOperationId":"3whgjrpfwhk558h"}
{"type":"log","timestamp":1665551089252,"level":"debug","message":"pdf-utils postproces start","meta":{"rootId":"22x8jkwbcvh15bd","id":"22x8jkwbcvh15bd"},"id":"8b6gnrro6md3ifo","previousOperationId":"3whgjrpfwhk558h"}
{"type":"log","timestamp":1665551089278,"level":"debug","message":"pdf-utils postproces end","meta":{"rootId":"22x8jkwbcvh15bd","id":"22x8jkwbcvh15bd"},"id":"8pnaaq3wrd364eq","previousOperationId":"3whgjrpfwhk558h"}
{"type":"operationEnd","operationId":"j8j9a8v9d0046ze","timestamp":1665551089278,"id":"bnkkgqgxxvawq9g","previousEventId":"nbgqzin14kokc49","previousOperationId":"3whgjrpfwhk558h"}
{"type":"log","timestamp":1665551089278,"level":"info","message":"pdf-utils pdf processing was finished","meta":{"rootId":"22x8jkwbcvh15bd","id":"22x8jkwbcvh15bd"},"id":"pulwn8tijd7d45h","previousOperationId":"j8j9a8v9d0046ze"}
{"type":"log","timestamp":1665551089278,"level":"debug","message":"Skipping storing report.","meta":{"rootId":"22x8jkwbcvh15bd","id":"22x8jkwbcvh15bd"},"id":"rohmooq9a8vp0gx","previousOperationId":"j8j9a8v9d0046ze"}
{"type":"log","timestamp":1665551089278,"level":"info","message":"Rendering request 81 finished in 26636 ms","meta":{"rootId":"22x8jkwbcvh15bd","id":"22x8jkwbcvh15bd"},"id":"jr7d11x26l317ew","previousOperationId":"j8j9a8v9d0046ze"}
{"type":"operationEnd","subtype":"render","operationId":"4505y1dhy28gmt9","timestamp":1665551089278,"id":"azt7npeckd9ocql","previousEventId":"bnkkgqgxxvawq9g","previousOperationId":"j8j9a8v9d0046ze"}
{"type":"operationEnd","doDiffs":false,"previousEventId":"yfgv4w4rpr1wtk3","previousOperationId":"xpf507tkway2ct7","operationId":"xpf507tkway2ct7","timestamp":1665551089285,"id":"d3ws5k5lxybehp8"}
